#
# There is insufficient memory for the Java Runtime Environment to continue.
# Native memory allocation (malloc) failed to allocate 67108880 bytes for Chunk::new
# Possible reasons:
#   The system is out of physical RAM or swap space
#   In 32 bit mode, the process size limit was hit
# Possible solutions:
#   Reduce memory load on the system
#   Increase physical memory or swap space
#   Check if swap backing store is full
#   Use 64 bit Java on a 64 bit OS
#   Decrease Java heap size (-Xmx/-Xms)
#   Decrease number of Java threads
#   Decrease Java thread stack sizes (-Xss)
#   Set larger code cache with -XX:ReservedCodeCacheSize=
# This output file may be truncated or incomplete.
#
#  Out of Memory Error (allocation.cpp:388), pid=22676, tid=19244
#
# JRE version: Java(TM) SE Runtime Environment (8.0_05-b13) (build 1.8.0_05-b13)
# Java VM: Java HotSpot(TM) 64-Bit Server VM (25.5-b02 mixed mode windows-amd64 compressed oops)
# Failed to write core dump. Minidumps are not enabled by default on client versions of Windows
#

---------------  T H R E A D  ---------------

Current thread (0x00000000161fa000):  JavaThread "C2 CompilerThread1" daemon [_thread_in_native, id=19244, stack(0x0000000016880000,0x0000000016980000)]

Stack: [0x0000000016880000,0x0000000016980000]
[error occurred during error reporting (printing stack bounds), id 0xc0000005]

Native frames: (J=compiled Java code, j=interpreted, Vv=VM code, C=native code)
V  [jvm.dll+0x308dea]
V  [jvm.dll+0x25def1]
V  [jvm.dll+0x25eb0f]
V  [jvm.dll+0x277136]
V  [jvm.dll+0x27aca3]
V  [jvm.dll+0x59668f]
C  [msvcr100.dll+0x712e3]
V  [jvm.dll+0x595dad]
C  [ntdll.dll+0x9633d]
C  [ntdll.dll+0x13c00]
C  [ntdll.dll+0x9544a]
V  [jvm.dll+0x1fdd91]


Current CompileTask:
C2:  21279 1940   !   4       com.android.dx.cf.code.Ropper::processBlock (1101 bytes)


---------------  P R O C E S S  ---------------

Java Threads: ( => current thread )
  0x0000000016daa800 JavaThread "pool-1-thread-4" [_thread_blocked, id=27596, stack(0x0000000017980000,0x0000000017a80000)]
  0x0000000016da7000 JavaThread "pool-1-thread-3" [_thread_blocked, id=11720, stack(0x0000000017880000,0x0000000017980000)]
  0x0000000016d99000 JavaThread "pool-1-thread-2" [_thread_blocked, id=12272, stack(0x0000000017780000,0x0000000017880000)]
  0x0000000016d8e000 JavaThread "pool-2-thread-1" [_thread_blocked, id=30224, stack(0x0000000017680000,0x0000000017780000)]
  0x0000000016d88800 JavaThread "pool-1-thread-1" [_thread_in_Java, id=6404, stack(0x0000000017580000,0x0000000017680000)]
  0x0000000016256800 JavaThread "Service Thread" daemon [_thread_blocked, id=26428, stack(0x0000000016a80000,0x0000000016b80000)]
  0x000000001624b000 JavaThread "C1 CompilerThread2" daemon [_thread_blocked, id=18148, stack(0x0000000016980000,0x0000000016a80000)]
=>0x00000000161fa000 JavaThread "C2 CompilerThread1" daemon [_thread_in_native, id=19244, stack(0x0000000016880000,0x0000000016980000)]
  0x00000000161f6000 JavaThread "C2 CompilerThread0" daemon [_thread_in_native, id=15764, stack(0x0000000016780000,0x0000000016880000)]
  0x00000000161f3000 JavaThread "Attach Listener" daemon [_thread_blocked, id=14296, stack(0x0000000016680000,0x0000000016780000)]
  0x00000000161f1000 JavaThread "Signal Dispatcher" daemon [_thread_blocked, id=29456, stack(0x0000000016580000,0x0000000016680000)]
  0x0000000014e21000 JavaThread "Finalizer" daemon [_thread_blocked, id=9260, stack(0x0000000016080000,0x0000000016180000)]
  0x0000000014e1b800 JavaThread "Reference Handler" daemon [_thread_blocked, id=18956, stack(0x0000000015f80000,0x0000000016080000)]
  0x0000000002666000 JavaThread "main" [_thread_in_Java, id=30248, stack(0x0000000002560000,0x0000000002660000)]

Other Threads:
  0x0000000014e0d000 VMThread [stack: 0x0000000015e80000,0x0000000015f80000] [id=28580]
  0x0000000016259800 WatcherThread [stack: 0x0000000016b80000,0x0000000016c80000] [id=30424]

VM state:not at safepoint (normal execution)

VM Mutex/Monitor currently owned by a thread: None

Heap:
 PSYoungGen      total 58880K, used 38644K [0x00000000eab00000, 0x00000000efe80000, 0x0000000100000000)
  eden space 49664K, 61% used [0x00000000eab00000,0x00000000ec8f4198,0x00000000edb80000)
  from space 9216K, 86% used [0x00000000edb80000,0x00000000ee349170,0x00000000ee480000)
  to   space 10240K, 0% used [0x00000000ef480000,0x00000000ef480000,0x00000000efe80000)
 ParOldGen       total 127488K, used 39885K [0x00000000c0000000, 0x00000000c7c80000, 0x00000000eab00000)
  object space 127488K, 31% used [0x00000000c0000000,0x00000000c26f34a0,0x00000000c7c80000)
 Metaspace       used 6107K, capacity 7030K, committed 7296K, reserved 1058816K
  class space    used 607K, capacity 622K, committed 640K, reserved 1048576K

Card table byte_map: [0x0000000011b20000,0x0000000011d30000] byte_map_base: 0x0000000011520000

Marking Bits: (ParMarkBitMap*) 0x000000006c2813b0
 Begin Bits: [0x0000000012290000, 0x0000000013290000)
 End Bits:   [0x0000000013290000, 0x0000000014290000)

Polling page: 0x00000000023a0000

CodeCache: size=245760Kb used=8907Kb max_used=8907Kb free=236852Kb
 bounds [0x0000000002760000, 0x0000000003030000, 0x0000000011760000]
 total_blobs=2300 nmethods=2033 adapters=180
 compilation: enabled

Compilation events (10 events):
Event: 21.067 Thread 0x000000001624b000 2179       3       java.util.concurrent.ArrayBlockingQueue::dequeue (75 bytes)
Event: 21.068 Thread 0x000000001624b000 nmethod 2179 0x0000000002ff9f90 code [0x0000000002ffa160, 0x0000000002ffa818]
Event: 21.095 Thread 0x000000001624b000 2199       2       com.android.dx.rop.type.Type::isCategory1 (36 bytes)
Event: 21.095 Thread 0x000000001624b000 nmethod 2199 0x0000000002fdbd10 code [0x0000000002fdbe60, 0x0000000002fdbfd0]
Event: 21.096 Thread 0x00000000161f6000 nmethod 1964 0x0000000003013ed0 code [0x0000000003014800, 0x0000000003017258]
Event: 21.100 Thread 0x00000000161f6000 2171       4       java.util.HashMap::getNode (148 bytes)
Event: 21.114 Thread 0x00000000161f6000 nmethod 2171 0x0000000002ff58d0 code [0x0000000002ff5a60, 0x0000000002ff61a8]
Event: 21.114 Thread 0x00000000161f6000 2190   !   4       com.android.dx.cf.code.BytecodeArray::parseInstruction (2764 bytes)
Event: 21.118 Thread 0x000000001624b000 2203       3       com.android.dx.ssa.back.FirstFitLocalCombiningAllocator::handleCheckCastResults (413 bytes)
Event: 21.124 Thread 0x000000001624b000 nmethod 2203 0x000000000301b450 code [0x000000000301b9e0, 0x000000000301f278]

GC Heap History (10 events):
Event: 9.280 GC heap before
{Heap before GC invocations=23 (full 0):
 PSYoungGen      total 32768K, used 30908K [0x00000000eab00000, 0x00000000ed000000, 0x0000000100000000)
  eden space 27648K, 100% used [0x00000000eab00000,0x00000000ec600000,0x00000000ec600000)
  from space 5120K, 63% used [0x00000000ecb00000,0x00000000ece2f390,0x00000000ed000000)
  to   space 5120K, 0% used [0x00000000ec600000,0x00000000ec600000,0x00000000ecb00000)
 ParOldGen       total 127488K, used 17267K [0x00000000c0000000, 0x00000000c7c80000, 0x00000000eab00000)
  object space 127488K, 13% used [0x00000000c0000000,0x00000000c10dcd20,0x00000000c7c80000)
 Metaspace       used 5927K, capacity 6960K, committed 7040K, reserved 1058816K
  class space    used 586K, capacity 616K, committed 640K, reserved 1048576K
Event: 9.563 GC heap after
Heap after GC invocations=23 (full 0):
 PSYoungGen      total 32768K, used 4573K [0x00000000eab00000, 0x00000000edc00000, 0x0000000100000000)
  eden space 27648K, 0% used [0x00000000eab00000,0x00000000eab00000,0x00000000ec600000)
  from space 5120K, 89% used [0x00000000ec600000,0x00000000eca77678,0x00000000ecb00000)
  to   space 5632K, 0% used [0x00000000ed680000,0x00000000ed680000,0x00000000edc00000)
 ParOldGen       total 127488K, used 20221K [0x00000000c0000000, 0x00000000c7c80000, 0x00000000eab00000)
  object space 127488K, 15% used [0x00000000c0000000,0x00000000c13bf510,0x00000000c7c80000)
 Metaspace       used 5927K, capacity 6960K, committed 7040K, reserved 1058816K
  class space    used 586K, capacity 616K, committed 640K, reserved 1048576K
}
Event: 11.667 GC heap before
{Heap before GC invocations=24 (full 0):
 PSYoungGen      total 32768K, used 32221K [0x00000000eab00000, 0x00000000edc00000, 0x0000000100000000)
  eden space 27648K, 100% used [0x00000000eab00000,0x00000000ec600000,0x00000000ec600000)
  from space 5120K, 89% used [0x00000000ec600000,0x00000000eca77678,0x00000000ecb00000)
  to   space 5632K, 0% used [0x00000000ed680000,0x00000000ed680000,0x00000000edc00000)
 ParOldGen       total 127488K, used 20221K [0x00000000c0000000, 0x00000000c7c80000, 0x00000000eab00000)
  object space 127488K, 15% used [0x00000000c0000000,0x00000000c13bf510,0x00000000c7c80000)
 Metaspace       used 5939K, capacity 6960K, committed 7040K, reserved 1058816K
  class space    used 587K, capacity 616K, committed 640K, reserved 1048576K
Event: 11.976 GC heap after
Heap after GC invocations=24 (full 0):
 PSYoungGen      total 44032K, used 4158K [0x00000000eab00000, 0x00000000edd00000, 0x0000000100000000)
  eden space 38400K, 0% used [0x00000000eab00000,0x00000000eab00000,0x00000000ed080000)
  from space 5632K, 73% used [0x00000000ed680000,0x00000000eda8fa50,0x00000000edc00000)
  to   space 6144K, 0% used [0x00000000ed080000,0x00000000ed080000,0x00000000ed680000)
 ParOldGen       total 127488K, used 24359K [0x00000000c0000000, 0x00000000c7c80000, 0x00000000eab00000)
  object space 127488K, 19% used [0x00000000c0000000,0x00000000c17c9f78,0x00000000c7c80000)
 Metaspace       used 5939K, capacity 6960K, committed 7040K, reserved 1058816K
  class space    used 587K, capacity 616K, committed 640K, reserved 1048576K
}
Event: 13.291 GC heap before
{Heap before GC invocations=25 (full 0):
 PSYoungGen      total 44032K, used 42558K [0x00000000eab00000, 0x00000000edd00000, 0x0000000100000000)
  eden space 38400K, 100% used [0x00000000eab00000,0x00000000ed080000,0x00000000ed080000)
  from space 5632K, 73% used [0x00000000ed680000,0x00000000eda8fa50,0x00000000edc00000)
  to   space 6144K, 0% used [0x00000000ed080000,0x00000000ed080000,0x00000000ed680000)
 ParOldGen       total 127488K, used 24359K [0x00000000c0000000, 0x00000000c7c80000, 0x00000000eab00000)
  object space 127488K, 19% used [0x00000000c0000000,0x00000000c17c9f78,0x00000000c7c80000)
 Metaspace       used 6078K, capacity 7030K, committed 7296K, reserved 1058816K
  class space    used 607K, capacity 622K, committed 640K, reserved 1048576K
Event: 15.044 GC heap after
Heap after GC invocations=25 (full 0):
 PSYoungGen      total 44544K, used 6127K [0x00000000eab00000, 0x00000000eed00000, 0x0000000100000000)
  eden space 38400K, 0% used [0x00000000eab00000,0x00000000eab00000,0x00000000ed080000)
  from space 6144K, 99% used [0x00000000ed080000,0x00000000ed67be38,0x00000000ed680000)
  to   space 8704K, 0% used [0x00000000ee480000,0x00000000ee480000,0x00000000eed00000)
 ParOldGen       total 127488K, used 28525K [0x00000000c0000000, 0x00000000c7c80000, 0x00000000eab00000)
  object space 127488K, 22% used [0x00000000c0000000,0x00000000c1bdb7a8,0x00000000c7c80000)
 Metaspace       used 6078K, capacity 7030K, committed 7296K, reserved 1058816K
  class space    used 607K, capacity 622K, committed 640K, reserved 1048576K
}
Event: 15.523 GC heap before
{Heap before GC invocations=26 (full 0):
 PSYoungGen      total 44544K, used 44527K [0x00000000eab00000, 0x00000000eed00000, 0x0000000100000000)
  eden space 38400K, 100% used [0x00000000eab00000,0x00000000ed080000,0x00000000ed080000)
  from space 6144K, 99% used [0x00000000ed080000,0x00000000ed67be38,0x00000000ed680000)
  to   space 8704K, 0% used [0x00000000ee480000,0x00000000ee480000,0x00000000eed00000)
 ParOldGen       total 127488K, used 28525K [0x00000000c0000000, 0x00000000c7c80000, 0x00000000eab00000)
  object space 127488K, 22% used [0x00000000c0000000,0x00000000c1bdb7a8,0x00000000c7c80000)
 Metaspace       used 6095K, capacity 7030K, committed 7296K, reserved 1058816K
  class space    used 607K, capacity 622K, committed 640K, reserved 1048576K
Event: 16.578 GC heap after
Heap after GC invocations=26 (full 0):
 PSYoungGen      total 58368K, used 5712K [0x00000000eab00000, 0x00000000eee00000, 0x0000000100000000)
  eden space 49664K, 0% used [0x00000000eab00000,0x00000000eab00000,0x00000000edb80000)
  from space 8704K, 65% used [0x00000000ee480000,0x00000000eea14010,0x00000000eed00000)
  to   space 9216K, 0% used [0x00000000edb80000,0x00000000edb80000,0x00000000ee480000)
 ParOldGen       total 127488K, used 34418K [0x00000000c0000000, 0x00000000c7c80000, 0x00000000eab00000)
  object space 127488K, 26% used [0x00000000c0000000,0x00000000c219cbe0,0x00000000c7c80000)
 Metaspace       used 6095K, capacity 7030K, committed 7296K, reserved 1058816K
  class space    used 607K, capacity 622K, committed 640K, reserved 1048576K
}
Event: 19.275 GC heap before
{Heap before GC invocations=27 (full 0):
 PSYoungGen      total 58368K, used 55376K [0x00000000eab00000, 0x00000000eee00000, 0x0000000100000000)
  eden space 49664K, 100% used [0x00000000eab00000,0x00000000edb80000,0x00000000edb80000)
  from space 8704K, 65% used [0x00000000ee480000,0x00000000eea14010,0x00000000eed00000)
  to   space 9216K, 0% used [0x00000000edb80000,0x00000000edb80000,0x00000000ee480000)
 ParOldGen       total 127488K, used 34418K [0x00000000c0000000, 0x00000000c7c80000, 0x00000000eab00000)
  object space 127488K, 26% used [0x00000000c0000000,0x00000000c219cbe0,0x00000000c7c80000)
 Metaspace       used 6105K, capacity 7030K, committed 7296K, reserved 1058816K
  class space    used 607K, capacity 622K, committed 640K, reserved 1048576K
Event: 19.733 GC heap after
Heap after GC invocations=27 (full 0):
 PSYoungGen      total 58880K, used 7972K [0x00000000eab00000, 0x00000000efe80000, 0x0000000100000000)
  eden space 49664K, 0% used [0x00000000eab00000,0x00000000eab00000,0x00000000edb80000)
  from space 9216K, 86% used [0x00000000edb80000,0x00000000ee349170,0x00000000ee480000)
  to   space 10240K, 0% used [0x00000000ef480000,0x00000000ef480000,0x00000000efe80000)
 ParOldGen       total 127488K, used 39885K [0x00000000c0000000, 0x00000000c7c80000, 0x00000000eab00000)
  object space 127488K, 31% used [0x00000000c0000000,0x00000000c26f34a0,0x00000000c7c80000)
 Metaspace       used 6105K, capacity 7030K, committed 7296K, reserved 1058816K
  class space    used 607K, capacity 622K, committed 640K, reserved 1048576K
}

Deoptimization events (10 events):
Event: 17.072 Thread 0x0000000016daa800 Uncommon trap: reason=bimorphic action=maybe_recompile pc=0x0000000002f95880 method=com.android.dx.ssa.LiteralOpUpgrader.tryReplacingWithConstant(Lcom/android/dx/ssa/NormalSsaInsn;)Z @ 62
Event: 17.077 Thread 0x0000000016daa800 Uncommon trap: reason=bimorphic action=maybe_recompile pc=0x0000000002f95880 method=com.android.dx.ssa.LiteralOpUpgrader.tryReplacingWithConstant(Lcom/android/dx/ssa/NormalSsaInsn;)Z @ 62
Event: 17.093 Thread 0x0000000016da7000 Uncommon trap: reason=unreached action=reinterpret pc=0x0000000002d0764c method=com.android.dx.ssa.MoveParamCombiner$1.visitNonMoveInsn(Lcom/android/dx/ssa/NormalSsaInsn;)V @ 27
Event: 18.616 Thread 0x0000000016d99000 Uncommon trap: reason=bimorphic action=maybe_recompile pc=0x0000000002fc59a8 method=com.android.dx.cf.code.BytecodeArray.parseInstruction(ILcom/android/dx/cf/code/BytecodeArray$Visitor;)I @ 1357
Event: 18.616 Thread 0x0000000016d99000 Uncommon trap: reason=bimorphic action=maybe_recompile pc=0x0000000002fc59a8 method=com.android.dx.cf.code.BytecodeArray.parseInstruction(ILcom/android/dx/cf/code/BytecodeArray$Visitor;)I @ 1357
Event: 19.244 Thread 0x0000000016daa800 Uncommon trap: reason=bimorphic action=maybe_recompile pc=0x0000000002c355cc method=com.android.dx.ssa.SCCP.setLatticeValueTo(IILcom/android/dx/rop/cst/Constant;)Z @ 43
Event: 19.245 Thread 0x0000000016daa800 Uncommon trap: reason=bimorphic action=maybe_recompile pc=0x0000000002c355cc method=com.android.dx.ssa.SCCP.setLatticeValueTo(IILcom/android/dx/rop/cst/Constant;)Z @ 43
Event: 21.071 Thread 0x0000000016daa800 Uncommon trap: reason=bimorphic action=maybe_recompile pc=0x00000000030006cc method=com.android.dx.cf.code.BytecodeArray.parseInstruction(ILcom/android/dx/cf/code/BytecodeArray$Visitor;)I @ 971
Event: 21.071 Thread 0x0000000016daa800 Uncommon trap: reason=bimorphic action=maybe_recompile pc=0x000000000300064c method=com.android.dx.cf.code.BytecodeArray.parseInstruction(ILcom/android/dx/cf/code/BytecodeArray$Visitor;)I @ 955
Event: 21.072 Thread 0x0000000016daa800 Uncommon trap: reason=bimorphic action=maybe_recompile pc=0x00000000030006cc method=com.android.dx.cf.code.BytecodeArray.parseInstruction(ILcom/android/dx/cf/code/BytecodeArray$Visitor;)I @ 971

Internal exceptions (10 events):
Event: 3.994 Thread 0x0000000016d99000 Exception <a 'java/security/PrivilegedActionException'> (0x00000000eabd6970) thrown at [D:\re\workspace\8-2-build-windows-amd64-cygwin\jdk8u5\2488\hotspot\src\share\vm\prims\jvm.cpp, line 1248]
Event: 4.890 Thread 0x0000000016d88800 Implicit null exception at 0x0000000002a50f34 to 0x0000000002a53345
Event: 4.909 Thread 0x0000000016d88800 Exception <a 'java/security/PrivilegedActionException'> (0x00000000eb0cfe78) thrown at [D:\re\workspace\8-2-build-windows-amd64-cygwin\jdk8u5\2488\hotspot\src\share\vm\prims\jvm.cpp, line 1248]
Event: 5.779 Thread 0x0000000016d99000 Implicit null exception at 0x0000000002a72783 to 0x0000000002a748e5
Event: 6.705 Thread 0x0000000002666000 Implicit null exception at 0x0000000002a915a2 to 0x0000000002a91692
Event: 6.766 Thread 0x0000000002666000 Exception <a 'java/security/PrivilegedActionException'> (0x00000000ebde4ab0) thrown at [D:\re\workspace\8-2-build-windows-amd64-cygwin\jdk8u5\2488\hotspot\src\share\vm\prims\jvm.cpp, line 1248]
Event: 10.946 Thread 0x0000000002666000 Exception <a 'java/security/PrivilegedActionException'> (0x00000000eba14b58) thrown at [D:\re\workspace\8-2-build-windows-amd64-cygwin\jdk8u5\2488\hotspot\src\share\vm\prims\jvm.cpp, line 1248]
Event: 12.202 Thread 0x0000000016daa800 Exception <a 'java/lang/ArrayIndexOutOfBoundsException': 18> (0x00000000eb5ce490) thrown at [D:\re\workspace\8-2-build-windows-amd64-cygwin\jdk8u5\2488\hotspot\src\share\vm\interpreter\interpreterRuntime.cpp, line 337]
Event: 12.203 Thread 0x0000000016daa800 Exception <a 'java/lang/ArrayIndexOutOfBoundsException'> (0x00000000eb5cff28) thrown at [D:\re\workspace\8-2-build-windows-amd64-cygwin\jdk8u5\2488\hotspot\src\share\vm\runtime\sharedRuntime.cpp, line 595]
Event: 12.204 Thread 0x0000000016daa800 Exception <a 'java/lang/ArrayIndexOutOfBoundsException'> (0x00000000eb5d1140) thrown at [D:\re\workspace\8-2-build-windows-amd64-cygwin\jdk8u5\2488\hotspot\src\share\vm\runtime\sharedRuntime.cpp, line 595]

Events (10 events):
Event: 21.071 Thread 0x0000000016daa800 Uncommon trap: trap_request=0xffffffc6 fr.pc=0x000000000300064c
Event: 21.071 Thread 0x0000000016daa800 DEOPT PACKING pc=0x000000000300064c sp=0x0000000017a7e780
Event: 21.072 Thread 0x0000000016daa800 DEOPT UNPACKING pc=0x00000000027a55af sp=0x0000000017a7e748 mode 2
Event: 21.072 Thread 0x0000000016daa800 Uncommon trap: trap_request=0xffffffc6 fr.pc=0x00000000030006cc
Event: 21.072 Thread 0x0000000016daa800 DEOPT PACKING pc=0x00000000030006cc sp=0x0000000017a7e620
Event: 21.072 Thread 0x0000000016daa800 DEOPT UNPACKING pc=0x00000000027a55af sp=0x0000000017a7e5e8 mode 2
Event: 21.091 Thread 0x0000000016d88800 DEOPT PACKING pc=0x0000000002af03e5 sp=0x000000001767ea20
Event: 21.091 Thread 0x0000000016d88800 DEOPT UNPACKING pc=0x00000000027a7604 sp=0x000000001767e7c0 mode 0
Event: 21.120 Thread 0x0000000002666000 DEOPT PACKING pc=0x0000000002ca9f53 sp=0x000000000265dfc0
Event: 21.120 Thread 0x0000000002666000 DEOPT UNPACKING pc=0x00000000027a7604 sp=0x000000000265dd10 mode 0


Dynamic libraries:
0x00007ff64b350000 - 0x00007ff64b384000 	D:\jdk8.0\bin\java.exe
0x00007ff8abe00000 - 0x00007ff8abfc1000 	C:\WINDOWS\SYSTEM32\ntdll.dll
0x00007ff8abb50000 - 0x00007ff8abbfd000 	C:\WINDOWS\system32\KERNEL32.DLL
0x00007ff8a8f10000 - 0x00007ff8a90ed000 	C:\WINDOWS\system32\KERNELBASE.dll
0x00007ff8a6d50000 - 0x00007ff8a6dc8000 	C:\WINDOWS\system32\apphelp.dll
0x00007ff881b80000 - 0x00007ff882002000 	C:\WINDOWS\AppPatch\AppPatch64\AcLayers.DLL
0x00007ff8abab0000 - 0x00007ff8abb4d000 	C:\WINDOWS\system32\msvcrt.dll
0x00007ff8a93b0000 - 0x00007ff8a94fe000 	C:\WINDOWS\system32\USER32.dll
0x00007ff8ab570000 - 0x00007ff8ab6f6000 	C:\WINDOWS\system32\GDI32.dll
0x00007ff8a97a0000 - 0x00007ff8a97f1000 	C:\WINDOWS\system32\SHLWAPI.dll
0x00007ff8a9b70000 - 0x00007ff8a9dec000 	C:\WINDOWS\system32\combase.dll
0x00007ff8a9500000 - 0x00007ff8a9626000 	C:\WINDOWS\system32\RPCRT4.dll
0x0000000000490000 - 0x0000000000493000 	C:\WINDOWS\SYSTEM32\sfc.dll
0x00007ff8a66c0000 - 0x00007ff8a6744000 	C:\WINDOWS\SYSTEM32\WINSPOOL.DRV
0x00007ff8a8500000 - 0x00007ff8a8528000 	C:\WINDOWS\SYSTEM32\bcrypt.dll
0x00007ff89cb20000 - 0x00007ff89cb31000 	C:\WINDOWS\SYSTEM32\sfc_os.DLL
0x00007ff8a1740000 - 0x00007ff8a1751000 	C:\WINDOWS\SYSTEM32\SortWindows61.dll
0x00007ff8a9e50000 - 0x00007ff8a9e86000 	C:\WINDOWS\system32\IMM32.DLL
0x00007ff8a99a0000 - 0x00007ff8a9afc000 	C:\WINDOWS\system32\MSCTF.dll
0x00007ff8abc70000 - 0x00007ff8abd16000 	C:\WINDOWS\system32\ADVAPI32.dll
0x00007ff8a9920000 - 0x00007ff8a997b000 	C:\WINDOWS\system32\sechost.dll
0x00007ff89dc90000 - 0x00007ff89df04000 	C:\WINDOWS\WinSxS\amd64_microsoft.windows.common-controls_6595b64144ccf1df_6.0.10240.16384_none_f41f7b285750ef43\COMCTL32.dll
0x000000006c7c0000 - 0x000000006c892000 	D:\jdk8.0\jre\bin\msvcr100.dll
0x000000006bad0000 - 0x000000006c2fa000 	D:\jdk8.0\jre\bin\server\jvm.dll
0x00007ff8a8e90000 - 0x00007ff8a8eb3000 	C:\WINDOWS\system32\WINMM.dll
0x00007ff8a8600000 - 0x00007ff8a862c000 	C:\WINDOWS\system32\WINMMBASE.dll
0x00007ff8a92c0000 - 0x00007ff8a9304000 	C:\WINDOWS\system32\cfgmgr32.dll
0x00007ff8a85d0000 - 0x00007ff8a85f7000 	C:\WINDOWS\system32\DEVOBJ.dll
0x00007ff8a9990000 - 0x00007ff8a9998000 	C:\WINDOWS\system32\PSAPI.DLL
0x00007ff89e000000 - 0x00007ff89e009000 	C:\WINDOWS\SYSTEM32\WSOCK32.dll
0x00007ff8abc00000 - 0x00007ff8abc69000 	C:\WINDOWS\system32\WS2_32.dll
0x00007ff8a9980000 - 0x00007ff8a9988000 	C:\WINDOWS\system32\NSI.dll
0x000000006bac0000 - 0x000000006bacf000 	D:\jdk8.0\jre\bin\verify.dll
0x000000006ba90000 - 0x000000006bab8000 	D:\jdk8.0\jre\bin\java.dll
0x000000006ba70000 - 0x000000006ba86000 	D:\jdk8.0\jre\bin\zip.dll
0x00007ff8aa040000 - 0x00007ff8ab562000 	C:\WINDOWS\system32\SHELL32.dll
0x00007ff8a8680000 - 0x00007ff8a8ca9000 	C:\WINDOWS\system32\windows.storage.dll
0x00007ff8a8630000 - 0x00007ff8a863f000 	C:\WINDOWS\system32\kernel.appcore.dll
0x00007ff8a8dd0000 - 0x00007ff8a8e83000 	C:\WINDOWS\system32\shcore.dll
0x00007ff8a8ec0000 - 0x00007ff8a8f0a000 	C:\WINDOWS\system32\powrprof.dll
0x00007ff8a8660000 - 0x00007ff8a8673000 	C:\WINDOWS\system32\profapi.dll
0x00007ff89b070000 - 0x00007ff89b1fa000 	C:\WINDOWS\SYSTEM32\dbghelp.dll

VM Arguments:
jvm_args: -Xmx1024M -Dfile.encoding=GBK -Duser.country=CN -Duser.language=zh -Duser.variant 
java_command: com.android.dx.command.Main --dex --num-threads=4 --output E:\AndroidProject\Dianping_Client\app\build\intermediates\pre-dexed\debug\classes-0d47422f459e160a4119421fa7907fd3ed9cb487.jar E:\AndroidProject\Dianping_Client\app\build\intermediates\exploded-aar\com.android.support\support-v4\23.0.0\jars\classes.jar
java_class_path (initial): E:\android-sdk-windows\build-tools\23.0.0\lib\dx.jar
Launcher Type: SUN_STANDARD

Environment Variables:
JAVA_HOME=D:\jdk8.0
PATH=C:\ProgramData\Oracle\Java\javapath;C:\WINDOWS\system32;C:\WINDOWS;C:\WINDOWS\System32\Wbem;C:\WINDOWS\System32\WindowsPowerShell\v1.0\;D:\jdk8.0\bin;D:\Git\Git\bin;D:\Git\Git\cmd;D:\Maven\apache-maven-3.2.3-bin\apache-maven-3.2.3\bin;D:\tomcat8.0\tomcat8.0\bin;E:\android-sdk-windows\platform-tools;E:\android-sdk-windows\tools;D:\nexus\nexus-2.11.1-01\bin;D:\TortoiseGit\bin;QUARTUS_ROOTDIR\bin;QESS_ROOTDIR\bin;C:\Users\Lenovo\.gradle\wrapper\dists\gradle-2.4-all\6r4uqcc6ovnq6ac6s0txzcpc0\gradle-2.4\bin;D:\Rust\bin;C:\Program Files (x86)\ATI Technologies\ATI.ACE\Core-Static;;C:\Users\Lenovo\AppData\Local\Code\bin
USERNAME=Lenovo
OS=Windows_NT
PROCESSOR_IDENTIFIER=Intel64 Family 6 Model 58 Stepping 9, GenuineIntel



---------------  S Y S T E M  ---------------

OS: Windows 7 , 64 bit Build 7600 

CPU:total 4 (2 cores per cpu, 2 threads per core) family 6 model 58 stepping 9, cmov, cx8, fxsr, mmx, sse, sse2, sse3, ssse3, sse4.1, sse4.2, popcnt, avx, clmul, erms, ht, tsc, tscinvbit

Memory: 4k page, physical 8254308k(630348k free), swap 26604384k(54112k free)

vm_info: Java HotSpot(TM) 64-Bit Server VM (25.5-b02) for windows-amd64 JRE (1.8.0_05-b13), built on Mar 18 2014 01:08:39 by "java_re" with MS VC++ 10.0 (VS2010)

time: Sat Aug 29 21:56:52 2015
elapsed time: 21 seconds

