#
# There is insufficient memory for the Java Runtime Environment to continue.
# Native memory allocation (malloc) failed to allocate 32744 bytes for ChunkPool::allocate
# Possible reasons:
#   The system is out of physical RAM or swap space
#   In 32 bit mode, the process size limit was hit
# Possible solutions:
#   Reduce memory load on the system
#   Increase physical memory or swap space
#   Check if swap backing store is full
#   Use 64 bit Java on a 64 bit OS
#   Decrease Java heap size (-Xmx/-Xms)
#   Decrease number of Java threads
#   Decrease Java thread stack sizes (-Xss)
#   Set larger code cache with -XX:ReservedCodeCacheSize=
# This output file may be truncated or incomplete.
#
#  Out of Memory Error (allocation.cpp:271), pid=10396, tid=26160
#
# JRE version: Java(TM) SE Runtime Environment (8.0_05-b13) (build 1.8.0_05-b13)
# Java VM: Java HotSpot(TM) 64-Bit Server VM (25.5-b02 mixed mode windows-amd64 compressed oops)
# Failed to write core dump. Minidumps are not enabled by default on client versions of Windows
#

---------------  T H R E A D  ---------------

Current thread (0x00000000167da000):  JavaThread "C2 CompilerThread1" daemon [_thread_in_native, id=26160, stack(0x0000000016e60000,0x0000000016f60000)]

Stack: [0x0000000016e60000,0x0000000016f60000]
[error occurred during error reporting (printing stack bounds), id 0xc0000005]

Native frames: (J=compiled Java code, j=interpreted, Vv=VM code, C=native code)
V  [jvm.dll+0x308dea]


Current CompileTask:
C2:  16412 1875   !   4       com.android.dx.cf.code.BytecodeArray::parseInstruction (2764 bytes)


---------------  P R O C E S S  ---------------

Java Threads: ( => current thread )
  0x00000000173aa800 JavaThread "pool-1-thread-4" [_thread_in_vm, id=4724, stack(0x0000000017f60000,0x0000000018060000)]
  0x00000000173a8000 JavaThread "pool-1-thread-3" [_thread_in_Java, id=18960, stack(0x0000000017e60000,0x0000000017f60000)]
  0x000000001737c000 JavaThread "pool-1-thread-2" [_thread_in_Java, id=30456, stack(0x0000000017d60000,0x0000000017e60000)]
  0x0000000017370800 JavaThread "pool-2-thread-1" [_thread_blocked, id=22036, stack(0x0000000017c60000,0x0000000017d60000)]
  0x000000001736f000 JavaThread "pool-1-thread-1" [_thread_in_Java, id=17944, stack(0x0000000017b60000,0x0000000017c60000)]
  0x0000000016844800 JavaThread "Service Thread" daemon [_thread_blocked, id=28176, stack(0x0000000017060000,0x0000000017160000)]
  0x0000000016832800 JavaThread "C1 CompilerThread2" daemon [_thread_blocked, id=26472, stack(0x0000000016f60000,0x0000000017060000)]
=>0x00000000167da000 JavaThread "C2 CompilerThread1" daemon [_thread_in_native, id=26160, stack(0x0000000016e60000,0x0000000016f60000)]
  0x00000000167d6000 JavaThread "C2 CompilerThread0" daemon [_thread_in_native, id=19664, stack(0x0000000016d60000,0x0000000016e60000)]
  0x00000000167d3000 JavaThread "Attach Listener" daemon [_thread_blocked, id=18548, stack(0x0000000016c60000,0x0000000016d60000)]
  0x00000000167d1000 JavaThread "Signal Dispatcher" daemon [_thread_blocked, id=4212, stack(0x0000000016b60000,0x0000000016c60000)]
  0x00000000153f1000 JavaThread "Finalizer" daemon [_thread_blocked, id=10252, stack(0x0000000016660000,0x0000000016760000)]
  0x00000000153eb800 JavaThread "Reference Handler" daemon [_thread_blocked, id=22544, stack(0x0000000016560000,0x0000000016660000)]
  0x0000000002c36000 JavaThread "main" [_thread_in_Java, id=29048, stack(0x00000000029d0000,0x0000000002ad0000)]

Other Threads:
  0x00000000153dd800 VMThread [stack: 0x0000000016460000,0x0000000016560000] [id=29620]
  0x0000000016849800 WatcherThread [stack: 0x0000000017160000,0x0000000017260000] [id=17492]

VM state:not at safepoint (normal execution)

VM Mutex/Monitor currently owned by a thread: None

Heap:
 PSYoungGen      total 34304K, used 34244K [0x00000000eab00000, 0x00000000ee680000, 0x0000000100000000)
  eden space 29696K, 99% used [0x00000000eab00000,0x00000000ec7f1d70,0x00000000ec800000)
  from space 4608K, 99% used [0x00000000ec800000,0x00000000ecc7f3a0,0x00000000ecc80000)
  to   space 6656K, 0% used [0x00000000ee000000,0x00000000ee000000,0x00000000ee680000)
 ParOldGen       total 127488K, used 15581K [0x00000000c0000000, 0x00000000c7c80000, 0x00000000eab00000)
  object space 127488K, 12% used [0x00000000c0000000,0x00000000c0f374b8,0x00000000c7c80000)
 Metaspace       used 5912K, capacity 6960K, committed 7040K, reserved 1056768K
  class space    used 588K, capacity 616K, committed 640K, reserved 1048576K

Card table byte_map: [0x00000000120f0000,0x0000000012300000] byte_map_base: 0x0000000011af0000

Marking Bits: (ParMarkBitMap*) 0x000000006c2813b0
 Begin Bits: [0x0000000012860000, 0x0000000013860000)
 End Bits:   [0x0000000013860000, 0x0000000014860000)

Polling page: 0x00000000029b0000

CodeCache: size=245760Kb used=8024Kb max_used=8044Kb free=237735Kb
 bounds [0x0000000002d30000, 0x0000000003520000, 0x0000000011d30000]
 total_blobs=2096 nmethods=1829 adapters=180
 compilation: enabled

Compilation events (10 events):
Event: 15.907 Thread 0x0000000016832800 1883       2       com.android.dx.cf.attrib.AttConstantValue::<init> (71 bytes)
Event: 15.907 Thread 0x0000000016832800 nmethod 1883 0x00000000034d1d50 code [0x00000000034d1ee0, 0x00000000034d22d8]
Event: 15.907 Thread 0x0000000016832800 1884       2       com.android.dx.cf.attrib.AttConstantValue::byteLength (3 bytes)
Event: 15.908 Thread 0x0000000016832800 nmethod 1884 0x0000000003501ed0 code [0x0000000003502020, 0x0000000003502170]
Event: 15.909 Thread 0x0000000016832800 1885       2       com.android.dx.dex.cf.CfTranslator::coerceConstant (144 bytes)
Event: 15.911 Thread 0x0000000016832800 nmethod 1885 0x0000000003500fd0 code [0x0000000003501200, 0x0000000003501908]
Event: 15.914 Thread 0x0000000016832800 1886       2       com.android.dx.rop.code.Rop::<init> (15 bytes)
Event: 15.914 Thread 0x0000000016832800 nmethod 1886 0x0000000003500c10 code [0x0000000003500d80, 0x0000000003500f28]
Event: 16.086 Thread 0x00000000167da000 nmethod 1867% 0x000000000350d190 code [0x000000000350d460, 0x000000000350f510]
Event: 16.089 Thread 0x00000000167da000 1875   !   4       com.android.dx.cf.code.BytecodeArray::parseInstruction (2764 bytes)

GC Heap History (10 events):
Event: 7.832 GC heap before
{Heap before GC invocations=11 (full 0):
 PSYoungGen      total 14848K, used 14315K [0x00000000eab00000, 0x00000000ebe00000, 0x0000000100000000)
  eden space 11776K, 100% used [0x00000000eab00000,0x00000000eb680000,0x00000000eb680000)
  from space 3072K, 82% used [0x00000000eba00000,0x00000000ebc7ae60,0x00000000ebd00000)
  to   space 3584K, 0% used [0x00000000eb680000,0x00000000eb680000,0x00000000eba00000)
 ParOldGen       total 127488K, used 4335K [0x00000000c0000000, 0x00000000c7c80000, 0x00000000eab00000)
  object space 127488K, 3% used [0x00000000c0000000,0x00000000c043bee8,0x00000000c7c80000)
 Metaspace       used 5770K, capacity 6832K, committed 7040K, reserved 1056768K
  class space    used 587K, capacity 616K, committed 640K, reserved 1048576K
Event: 8.178 GC heap after
Heap after GC invocations=11 (full 0):
 PSYoungGen      total 15360K, used 2560K [0x00000000eab00000, 0x00000000ec480000, 0x0000000100000000)
  eden space 11776K, 0% used [0x00000000eab00000,0x00000000eab00000,0x00000000eb680000)
  from space 3584K, 71% used [0x00000000eb680000,0x00000000eb900000,0x00000000eba00000)
  to   space 3584K, 0% used [0x00000000ec100000,0x00000000ec100000,0x00000000ec480000)
 ParOldGen       total 127488K, used 6761K [0x00000000c0000000, 0x00000000c7c80000, 0x00000000eab00000)
  object space 127488K, 5% used [0x00000000c0000000,0x00000000c069a760,0x00000000c7c80000)
 Metaspace       used 5770K, capacity 6832K, committed 7040K, reserved 1056768K
  class space    used 587K, capacity 616K, committed 640K, reserved 1048576K
}
Event: 9.530 GC heap before
{Heap before GC invocations=12 (full 0):
 PSYoungGen      total 15360K, used 14336K [0x00000000eab00000, 0x00000000ec480000, 0x0000000100000000)
  eden space 11776K, 100% used [0x00000000eab00000,0x00000000eb680000,0x00000000eb680000)
  from space 3584K, 71% used [0x00000000eb680000,0x00000000eb900000,0x00000000eba00000)
  to   space 3584K, 0% used [0x00000000ec100000,0x00000000ec100000,0x00000000ec480000)
 ParOldGen       total 127488K, used 6761K [0x00000000c0000000, 0x00000000c7c80000, 0x00000000eab00000)
  object space 127488K, 5% used [0x00000000c0000000,0x00000000c069a760,0x00000000c7c80000)
 Metaspace       used 5796K, capacity 6896K, committed 7040K, reserved 1056768K
  class space    used 587K, capacity 616K, committed 640K, reserved 1048576K
Event: 10.075 GC heap after
Heap after GC invocations=12 (full 0):
 PSYoungGen      total 22016K, used 2528K [0x00000000eab00000, 0x00000000ec580000, 0x0000000100000000)
  eden space 18432K, 0% used [0x00000000eab00000,0x00000000eab00000,0x00000000ebd00000)
  from space 3584K, 70% used [0x00000000ec100000,0x00000000ec378010,0x00000000ec480000)
  to   space 4096K, 0% used [0x00000000ebd00000,0x00000000ebd00000,0x00000000ec100000)
 ParOldGen       total 127488K, used 8497K [0x00000000c0000000, 0x00000000c7c80000, 0x00000000eab00000)
  object space 127488K, 6% used [0x00000000c0000000,0x00000000c084c568,0x00000000c7c80000)
 Metaspace       used 5796K, capacity 6896K, committed 7040K, reserved 1056768K
  class space    used 587K, capacity 616K, committed 640K, reserved 1048576K
}
Event: 10.697 GC heap before
{Heap before GC invocations=13 (full 0):
 PSYoungGen      total 22016K, used 20960K [0x00000000eab00000, 0x00000000ec580000, 0x0000000100000000)
  eden space 18432K, 100% used [0x00000000eab00000,0x00000000ebd00000,0x00000000ebd00000)
  from space 3584K, 70% used [0x00000000ec100000,0x00000000ec378010,0x00000000ec480000)
  to   space 4096K, 0% used [0x00000000ebd00000,0x00000000ebd00000,0x00000000ec100000)
 ParOldGen       total 127488K, used 8497K [0x00000000c0000000, 0x00000000c7c80000, 0x00000000eab00000)
  object space 127488K, 6% used [0x00000000c0000000,0x00000000c084c568,0x00000000c7c80000)
 Metaspace       used 5836K, capacity 6896K, committed 7040K, reserved 1056768K
  class space    used 587K, capacity 616K, committed 640K, reserved 1048576K
Event: 11.077 GC heap after
Heap after GC invocations=13 (full 0):
 PSYoungGen      total 22528K, used 4000K [0x00000000eab00000, 0x00000000ed100000, 0x0000000100000000)
  eden space 18432K, 0% used [0x00000000eab00000,0x00000000eab00000,0x00000000ebd00000)
  from space 4096K, 97% used [0x00000000ebd00000,0x00000000ec0e8000,0x00000000ec100000)
  to   space 4608K, 0% used [0x00000000ecc80000,0x00000000ecc80000,0x00000000ed100000)
 ParOldGen       total 127488K, used 10228K [0x00000000c0000000, 0x00000000c7c80000, 0x00000000eab00000)
  object space 127488K, 8% used [0x00000000c0000000,0x00000000c09fd180,0x00000000c7c80000)
 Metaspace       used 5836K, capacity 6896K, committed 7040K, reserved 1056768K
  class space    used 587K, capacity 616K, committed 640K, reserved 1048576K
}
Event: 12.483 GC heap before
{Heap before GC invocations=14 (full 0):
 PSYoungGen      total 22528K, used 22432K [0x00000000eab00000, 0x00000000ed100000, 0x0000000100000000)
  eden space 18432K, 100% used [0x00000000eab00000,0x00000000ebd00000,0x00000000ebd00000)
  from space 4096K, 97% used [0x00000000ebd00000,0x00000000ec0e8000,0x00000000ec100000)
  to   space 4608K, 0% used [0x00000000ecc80000,0x00000000ecc80000,0x00000000ed100000)
 ParOldGen       total 127488K, used 10228K [0x00000000c0000000, 0x00000000c7c80000, 0x00000000eab00000)
  object space 127488K, 8% used [0x00000000c0000000,0x00000000c09fd180,0x00000000c7c80000)
 Metaspace       used 5850K, capacity 6960K, committed 7040K, reserved 1056768K
  class space    used 587K, capacity 616K, committed 640K, reserved 1048576K
Event: 12.768 GC heap after
Heap after GC invocations=14 (full 0):
 PSYoungGen      total 34304K, used 3216K [0x00000000eab00000, 0x00000000ed100000, 0x0000000100000000)
  eden space 29696K, 0% used [0x00000000eab00000,0x00000000eab00000,0x00000000ec800000)
  from space 4608K, 69% used [0x00000000ecc80000,0x00000000ecfa4010,0x00000000ed100000)
  to   space 4608K, 0% used [0x00000000ec800000,0x00000000ec800000,0x00000000ecc80000)
 ParOldGen       total 127488K, used 12376K [0x00000000c0000000, 0x00000000c7c80000, 0x00000000eab00000)
  object space 127488K, 9% used [0x00000000c0000000,0x00000000c0c16200,0x00000000c7c80000)
 Metaspace       used 5850K, capacity 6960K, committed 7040K, reserved 1056768K
  class space    used 587K, capacity 616K, committed 640K, reserved 1048576K
}
Event: 14.268 GC heap before
{Heap before GC invocations=15 (full 0):
 PSYoungGen      total 34304K, used 32912K [0x00000000eab00000, 0x00000000ed100000, 0x0000000100000000)
  eden space 29696K, 100% used [0x00000000eab00000,0x00000000ec800000,0x00000000ec800000)
  from space 4608K, 69% used [0x00000000ecc80000,0x00000000ecfa4010,0x00000000ed100000)
  to   space 4608K, 0% used [0x00000000ec800000,0x00000000ec800000,0x00000000ecc80000)
 ParOldGen       total 127488K, used 12376K [0x00000000c0000000, 0x00000000c7c80000, 0x00000000eab00000)
  object space 127488K, 9% used [0x00000000c0000000,0x00000000c0c16200,0x00000000c7c80000)
 Metaspace       used 5891K, capacity 6960K, committed 7040K, reserved 1056768K
  class space    used 587K, capacity 616K, committed 640K, reserved 1048576K
Event: 14.469 GC heap after
Heap after GC invocations=15 (full 0):
 PSYoungGen      total 34304K, used 4604K [0x00000000eab00000, 0x00000000ee680000, 0x0000000100000000)
  eden space 29696K, 0% used [0x00000000eab00000,0x00000000eab00000,0x00000000ec800000)
  from space 4608K, 99% used [0x00000000ec800000,0x00000000ecc7f3a0,0x00000000ecc80000)
  to   space 6656K, 0% used [0x00000000ee000000,0x00000000ee000000,0x00000000ee680000)
 ParOldGen       total 127488K, used 15581K [0x00000000c0000000, 0x00000000c7c80000, 0x00000000eab00000)
  object space 127488K, 12% used [0x00000000c0000000,0x00000000c0f374b8,0x00000000c7c80000)
 Metaspace       used 5891K, capacity 6960K, committed 7040K, reserved 1056768K
  class space    used 587K, capacity 616K, committed 640K, reserved 1048576K
}

Deoptimization events (10 events):
Event: 13.709 Thread 0x000000001736f000 Uncommon trap: reason=unreached action=reinterpret pc=0x0000000003306868 method=com.android.dx.ssa.SCCP.simulateBranch(Lcom/android/dx/ssa/SsaInsn;)V @ 132
Event: 13.709 Thread 0x000000001736f000 Uncommon trap: reason=unloaded action=reinterpret pc=0x00000000032384e0 method=com.android.dx.ssa.LiteralOpUpgrader$1.visitNonMoveInsn(Lcom/android/dx/ssa/NormalSsaInsn;)V @ 72
Event: 13.711 Thread 0x000000001736f000 Uncommon trap: reason=unreached action=reinterpret pc=0x0000000003198bdc method=com.android.dx.ssa.SsaMethod.updateOneDefinition(Lcom/android/dx/ssa/SsaInsn;Lcom/android/dx/rop/code/RegisterSpec;)V @ 4
Event: 13.927 Thread 0x00000000173a8000 Uncommon trap: reason=unreached action=reinterpret pc=0x00000000033cdf08 method=com.android.dx.cf.code.RopperMachine.run(Lcom/android/dx/cf/code/Frame;II)V @ 1500
Event: 13.964 Thread 0x00000000173a8000 Uncommon trap: reason=bimorphic action=maybe_recompile pc=0x0000000003234ab4 method=com.android.dx.ssa.LiteralOpUpgrader.tryReplacingWithConstant(Lcom/android/dx/ssa/NormalSsaInsn;)Z @ 52
Event: 13.965 Thread 0x00000000173a8000 Uncommon trap: reason=unreached action=reinterpret pc=0x0000000003401298 method=com.android.dx.dex.code.RopToDop.dopFor(Lcom/android/dx/rop/code/Insn;)Lcom/android/dx/dex/code/Dop; @ 747
Event: 15.658 Thread 0x00000000173aa800 Uncommon trap: reason=bimorphic action=maybe_recompile pc=0x00000000034db3bc method=com.android.dx.cf.code.BytecodeArray.parseInstruction(ILcom/android/dx/cf/code/BytecodeArray$Visitor;)I @ 1161
Event: 15.658 Thread 0x00000000173aa800 Uncommon trap: reason=bimorphic action=maybe_recompile pc=0x00000000034db3bc method=com.android.dx.cf.code.BytecodeArray.parseInstruction(ILcom/android/dx/cf/code/BytecodeArray$Visitor;)I @ 1161
Event: 15.863 Thread 0x000000001737c000 Uncommon trap: reason=class_check action=maybe_recompile pc=0x00000000034549a8 method=java.util.HashMap.putVal(ILjava/lang/Object;Ljava/lang/Object;ZZ)Ljava/lang/Object; @ 203
Event: 15.863 Thread 0x000000001737c000 Uncommon trap: reason=class_check action=maybe_recompile pc=0x00000000034549a8 method=java.util.HashMap.putVal(ILjava/lang/Object;Ljava/lang/Object;ZZ)Ljava/lang/Object; @ 203

Internal exceptions (10 events):
Event: 2.670 Thread 0x00000000173a8000 Exception <a 'java/security/PrivilegedActionException'> (0x00000000ead27d20) thrown at [D:\re\workspace\8-2-build-windows-amd64-cygwin\jdk8u5\2488\hotspot\src\share\vm\prims\jvm.cpp, line 1248]
Event: 3.548 Thread 0x0000000002c36000 Exception <a 'java/security/PrivilegedActionException'> (0x00000000eac60120) thrown at [D:\re\workspace\8-2-build-windows-amd64-cygwin\jdk8u5\2488\hotspot\src\share\vm\prims\jvm.cpp, line 1248]
Event: 3.549 Thread 0x0000000002c36000 Exception <a 'java/security/PrivilegedActionException'> (0x00000000eac6f800) thrown at [D:\re\workspace\8-2-build-windows-amd64-cygwin\jdk8u5\2488\hotspot\src\share\vm\prims\jvm.cpp, line 1248]
Event: 3.576 Thread 0x0000000002c36000 Exception <a 'java/security/PrivilegedActionException'> (0x00000000eacc2bc8) thrown at [D:\re\workspace\8-2-build-windows-amd64-cygwin\jdk8u5\2488\hotspot\src\share\vm\prims\jvm.cpp, line 1248]
Event: 4.046 Thread 0x00000000173a8000 Exception <a 'java/security/PrivilegedActionException'> (0x00000000eae60690) thrown at [D:\re\workspace\8-2-build-windows-amd64-cygwin\jdk8u5\2488\hotspot\src\share\vm\prims\jvm.cpp, line 1248]
Event: 4.663 Thread 0x00000000173aa800 Implicit null exception at 0x000000000305e057 to 0x00000000030600f5
Event: 4.718 Thread 0x00000000173aa800 Exception <a 'java/security/PrivilegedActionException'> (0x00000000eada8100) thrown at [D:\re\workspace\8-2-build-windows-amd64-cygwin\jdk8u5\2488\hotspot\src\share\vm\prims\jvm.cpp, line 1248]
Event: 13.007 Thread 0x0000000002c36000 Implicit null exception at 0x00000000033d8de2 to 0x00000000033d8ed2
Event: 13.709 Thread 0x000000001736f000 Exception <a 'java/security/PrivilegedActionException'> (0x00000000ec182028) thrown at [D:\re\workspace\8-2-build-windows-amd64-cygwin\jdk8u5\2488\hotspot\src\share\vm\prims\jvm.cpp, line 1248]
Event: 15.482 Thread 0x00000000173a8000 Exception <a 'java/security/PrivilegedActionException'> (0x00000000ebae5788) thrown at [D:\re\workspace\8-2-build-windows-amd64-cygwin\jdk8u5\2488\hotspot\src\share\vm\prims\jvm.cpp, line 1248]

Events (10 events):
Event: 15.658 Thread 0x00000000173aa800 DEOPT UNPACKING pc=0x0000000002d755af sp=0x000000001805e638 mode 2
Event: 15.658 Thread 0x00000000173aa800 Uncommon trap: trap_request=0xffffffc6 fr.pc=0x00000000034db3bc
Event: 15.658 Thread 0x00000000173aa800 DEOPT PACKING pc=0x00000000034db3bc sp=0x000000001805e750
Event: 15.658 Thread 0x00000000173aa800 DEOPT UNPACKING pc=0x0000000002d755af sp=0x000000001805e718 mode 2
Event: 15.863 Thread 0x000000001737c000 Uncommon trap: trap_request=0xffffffde fr.pc=0x00000000034549a8
Event: 15.863 Thread 0x000000001737c000 DEOPT PACKING pc=0x00000000034549a8 sp=0x0000000017e5e220
Event: 15.863 Thread 0x000000001737c000 DEOPT UNPACKING pc=0x0000000002d755af sp=0x0000000017e5e198 mode 2
Event: 15.863 Thread 0x000000001737c000 Uncommon trap: trap_request=0xffffffde fr.pc=0x00000000034549a8
Event: 15.863 Thread 0x000000001737c000 DEOPT PACKING pc=0x00000000034549a8 sp=0x0000000017e5e220
Event: 15.863 Thread 0x000000001737c000 DEOPT UNPACKING pc=0x0000000002d755af sp=0x0000000017e5e198 mode 2


Dynamic libraries:
0x00007ff64b350000 - 0x00007ff64b384000 	D:\jdk8.0\bin\java.exe
0x00007ff8abe00000 - 0x00007ff8abfc1000 	C:\WINDOWS\SYSTEM32\ntdll.dll
0x00007ff8abb50000 - 0x00007ff8abbfd000 	C:\WINDOWS\system32\KERNEL32.DLL
0x00007ff8a8f10000 - 0x00007ff8a90ed000 	C:\WINDOWS\system32\KERNELBASE.dll
0x00007ff8a6d50000 - 0x00007ff8a6dc8000 	C:\WINDOWS\system32\apphelp.dll
0x00007ff881b80000 - 0x00007ff882002000 	C:\WINDOWS\AppPatch\AppPatch64\AcLayers.DLL
0x00007ff8abab0000 - 0x00007ff8abb4d000 	C:\WINDOWS\system32\msvcrt.dll
0x00007ff8a93b0000 - 0x00007ff8a94fe000 	C:\WINDOWS\system32\USER32.dll
0x00007ff8ab570000 - 0x00007ff8ab6f6000 	C:\WINDOWS\system32\GDI32.dll
0x00007ff8a97a0000 - 0x00007ff8a97f1000 	C:\WINDOWS\system32\SHLWAPI.dll
0x00007ff8a9b70000 - 0x00007ff8a9dec000 	C:\WINDOWS\system32\combase.dll
0x00007ff8a9500000 - 0x00007ff8a9626000 	C:\WINDOWS\system32\RPCRT4.dll
0x0000000000ab0000 - 0x0000000000ab3000 	C:\WINDOWS\SYSTEM32\sfc.dll
0x00007ff8a66c0000 - 0x00007ff8a6744000 	C:\WINDOWS\SYSTEM32\WINSPOOL.DRV
0x00007ff8a8500000 - 0x00007ff8a8528000 	C:\WINDOWS\SYSTEM32\bcrypt.dll
0x00007ff89cb20000 - 0x00007ff89cb31000 	C:\WINDOWS\SYSTEM32\sfc_os.DLL
0x00007ff8a1740000 - 0x00007ff8a1751000 	C:\WINDOWS\SYSTEM32\SortWindows61.dll
0x00007ff8a9e50000 - 0x00007ff8a9e86000 	C:\WINDOWS\system32\IMM32.DLL
0x00007ff8a99a0000 - 0x00007ff8a9afc000 	C:\WINDOWS\system32\MSCTF.dll
0x00007ff8abc70000 - 0x00007ff8abd16000 	C:\WINDOWS\system32\ADVAPI32.dll
0x00007ff8a9920000 - 0x00007ff8a997b000 	C:\WINDOWS\system32\sechost.dll
0x00007ff89dc90000 - 0x00007ff89df04000 	C:\WINDOWS\WinSxS\amd64_microsoft.windows.common-controls_6595b64144ccf1df_6.0.10240.16384_none_f41f7b285750ef43\COMCTL32.dll
0x000000006c7c0000 - 0x000000006c892000 	D:\jdk8.0\jre\bin\msvcr100.dll
0x000000006bad0000 - 0x000000006c2fa000 	D:\jdk8.0\jre\bin\server\jvm.dll
0x00007ff8a8e90000 - 0x00007ff8a8eb3000 	C:\WINDOWS\system32\WINMM.dll
0x00007ff8a8600000 - 0x00007ff8a862c000 	C:\WINDOWS\system32\WINMMBASE.dll
0x00007ff8a92c0000 - 0x00007ff8a9304000 	C:\WINDOWS\system32\cfgmgr32.dll
0x00007ff8a85d0000 - 0x00007ff8a85f7000 	C:\WINDOWS\system32\DEVOBJ.dll
0x00007ff8a9990000 - 0x00007ff8a9998000 	C:\WINDOWS\system32\PSAPI.DLL
0x00007ff89e000000 - 0x00007ff89e009000 	C:\WINDOWS\SYSTEM32\WSOCK32.dll
0x00007ff8abc00000 - 0x00007ff8abc69000 	C:\WINDOWS\system32\WS2_32.dll
0x00007ff8a9980000 - 0x00007ff8a9988000 	C:\WINDOWS\system32\NSI.dll
0x000000006bac0000 - 0x000000006bacf000 	D:\jdk8.0\jre\bin\verify.dll
0x000000006ba90000 - 0x000000006bab8000 	D:\jdk8.0\jre\bin\java.dll
0x000000006ba70000 - 0x000000006ba86000 	D:\jdk8.0\jre\bin\zip.dll
0x00007ff8aa040000 - 0x00007ff8ab562000 	C:\WINDOWS\system32\SHELL32.dll
0x00007ff8a8680000 - 0x00007ff8a8ca9000 	C:\WINDOWS\system32\windows.storage.dll
0x00007ff8a8630000 - 0x00007ff8a863f000 	C:\WINDOWS\system32\kernel.appcore.dll
0x00007ff8a8dd0000 - 0x00007ff8a8e83000 	C:\WINDOWS\system32\shcore.dll
0x00007ff8a8ec0000 - 0x00007ff8a8f0a000 	C:\WINDOWS\system32\powrprof.dll
0x00007ff8a8660000 - 0x00007ff8a8673000 	C:\WINDOWS\system32\profapi.dll

VM Arguments:
jvm_args: -Xmx1024M -Dfile.encoding=GBK -Duser.country=CN -Duser.language=zh -Duser.variant 
java_command: com.android.dx.command.Main --dex --num-threads=4 --output E:\AndroidProject\Dianping_Client\app\build\intermediates\pre-dexed\debug\classes-0d47422f459e160a4119421fa7907fd3ed9cb487.jar E:\AndroidProject\Dianping_Client\app\build\intermediates\exploded-aar\com.android.support\support-v4\23.0.0\jars\classes.jar
java_class_path (initial): E:\android-sdk-windows\build-tools\23.0.0\lib\dx.jar
Launcher Type: SUN_STANDARD

Environment Variables:
JAVA_HOME=D:\jdk8.0
PATH=C:\ProgramData\Oracle\Java\javapath;C:\WINDOWS\system32;C:\WINDOWS;C:\WINDOWS\System32\Wbem;C:\WINDOWS\System32\WindowsPowerShell\v1.0\;D:\jdk8.0\bin;D:\Git\Git\bin;D:\Git\Git\cmd;D:\Maven\apache-maven-3.2.3-bin\apache-maven-3.2.3\bin;D:\tomcat8.0\tomcat8.0\bin;E:\android-sdk-windows\platform-tools;E:\android-sdk-windows\tools;D:\nexus\nexus-2.11.1-01\bin;D:\TortoiseGit\bin;QUARTUS_ROOTDIR\bin;QESS_ROOTDIR\bin;C:\Users\Lenovo\.gradle\wrapper\dists\gradle-2.4-all\6r4uqcc6ovnq6ac6s0txzcpc0\gradle-2.4\bin;D:\Rust\bin;C:\Program Files (x86)\ATI Technologies\ATI.ACE\Core-Static;;C:\Users\Lenovo\AppData\Local\Code\bin
USERNAME=Lenovo



---------------  S Y S T E M  ---------------

OS: Windows 7 , 64 bit Build 7600 

CPU:total 4 (2 cores per cpu, 2 threads per core) family 6 model 58 stepping 9, cmov, cx8, fxsr, mmx, sse, sse2, sse3, ssse3, sse4.1, sse4.2, popcnt, avx, clmul, erms, ht, tsc, tscinvbit

Memory: 4k page, physical 8254308k(766192k free), swap 26604384k(5120k free)

vm_info: Java HotSpot(TM) 64-Bit Server VM (25.5-b02) for windows-amd64 JRE (1.8.0_05-b13), built on Mar 18 2014 01:08:39 by "java_re" with MS VC++ 10.0 (VS2010)

time: Sat Aug 29 21:58:26 2015
elapsed time: 16 seconds

