JvmtiExport can_access_local_variables 0
JvmtiExport can_hotswap_or_post_breakpoint 0
JvmtiExport can_post_on_exceptions 0
# 315 ciObject found
ciMethod java/lang/Object <init> ()V 4097 1 994414 0 0
ciMethod java/lang/System arraycopy (Ljava/lang/Object;ILjava/lang/Object;II)V 7169 1 896 0 -1
ciMethod java/util/ArrayList <init> ()V 153 1 83672 0 -1
ciMethod java/util/ArrayList add (Ljava/lang/Object;)Z 641 1 293341 0 -1
ciMethodData java/lang/Object <init> ()V 2 994414 orig 144 152 11 7 108 0 0 0 0 136 4 166 20 0 0 0 0 168 0 0 0 0 0 0 0 0 0 0 0 0 0 0 0 0 0 0 0 0 0 0 0 0 0 0 0 0 0 0 0 0 0 0 0 0 0 0 0 0 0 0 0 0 0 0 0 1 0 0 0 0 0 0 0 1 0 0 0 0 0 0 0 1 0 0 0 0 0 0 0 0 0 0 0 0 0 0 0 0 2 0 0 113 83 121 0 1 0 0 0 0 0 0 0 0 0 0 0 0 0 3 0 3 0 0 0 0 0 0 0 255 255 255 255 0 0 0 0 0 0 0 0 0 0 0 0 data 0 oops 0
ciMethod com/android/dx/rop/cst/ConstantPool get (I)Lcom/android/dx/rop/cst/Constant; 0 0 1 0 -1
ciMethod com/android/dx/util/ByteArray getByte (I)I 305 1 424 0 -1
ciMethod com/android/dx/util/ByteArray getShort (I)I 209 1 1311 0 0
ciMethod com/android/dx/util/ByteArray getInt (I)I 561 1 8878 0 0
ciMethod com/android/dx/util/ByteArray getUnsignedByte (I)I 3505 1 64159 0 160
ciMethod com/android/dx/util/ByteArray getUnsignedShort (I)I 2065 1 56151 0 224
ciMethod com/android/dx/util/ByteArray checkOffsets (II)V 3425 1 5929 0 96
ciMethod com/android/dx/util/ByteArray getByte0 (I)I 2985 1 10369 0 0
ciMethod com/android/dx/util/ByteArray getUnsignedByte0 (I)I 3793 1 209253 0 96
ciMethod com/android/dx/cf/code/BytecodeArray$Visitor visitInvalid (III)V 0 0 1 0 -1
ciMethod com/android/dx/cf/code/BytecodeArray$Visitor visitNoArgs (IIILcom/android/dx/rop/type/Type;)V 0 0 1 0 -1
ciMethod com/android/dx/cf/code/BytecodeArray$Visitor visitLocal (IIIILcom/android/dx/rop/type/Type;I)V 0 0 1 0 -1
ciMethod com/android/dx/cf/code/BytecodeArray$Visitor visitConstant (IIILcom/android/dx/rop/cst/Constant;I)V 0 0 1 0 -1
ciMethod com/android/dx/cf/code/BytecodeArray$Visitor visitBranch (IIII)V 0 0 1 0 -1
ciMethod com/android/dx/cf/code/BytecodeArray$Visitor visitSwitch (IIILcom/android/dx/cf/code/SwitchList;I)V 0 0 1 0 -1
ciMethod com/android/dx/cf/code/BytecodeArray$Visitor visitNewarray (IILcom/android/dx/rop/cst/CstType;Ljava/util/ArrayList;)V 0 0 1 0 -1
ciMethod com/android/dx/cf/code/BytecodeArray$Visitor getPreviousOffset ()I 0 0 1 0 -1
ciMethod com/android/dx/rop/cst/CstInteger make (I)Lcom/android/dx/rop/cst/CstInteger; 73 1 3743 0 -1
ciMethod com/android/dx/rop/cst/CstInteger <init> (I)V 321 1 166 0 -1
ciMethod com/android/dx/rop/cst/CstInteger getValue ()I 1673 1 7834 0 -1
ciMethod com/android/dx/rop/cst/CstLiteral32 getIntBits ()I 1041 1 130 0 -1
ciMethod com/android/dx/rop/cst/CstFieldRef getType ()Lcom/android/dx/rop/type/Type; 1217 1 3148 0 -1
ciMethod com/android/dx/rop/cst/CstBaseMethodRef getPrototype (Z)Lcom/android/dx/rop/type/Prototype; 3769 1 5893 0 -1
ciMethod com/android/dx/rop/cst/CstInterfaceMethodRef toMethodRef ()Lcom/android/dx/rop/cst/CstMethodRef; 185 1 220 0 -1
ciMethod com/android/dx/rop/cst/StdConstantPool get (I)Lcom/android/dx/rop/cst/Constant; 4097 1 22013 0 128
ciMethod com/android/dx/rop/cst/StdConstantPool throwInvalid (I)Lcom/android/dx/rop/cst/Constant; 0 0 1 0 -1
ciMethod com/android/dx/util/MutabilityControl <init> (Z)V 3473 1 44207 0 32
ciMethod com/android/dx/util/MutabilityControl setImmutable ()V 2049 1 158539 0 0
ciMethod com/android/dx/util/MutabilityControl throwIfImmutable ()V 2097 1 267840 0 64
ciMethod com/android/dx/rop/type/Type getBasicFrameType ()I 4097 1 1561 0 -1
ciMethod com/android/dx/rop/type/Type isCategory1 ()Z 25 1 56 0 -1
ciMethod com/android/dx/rop/type/Type isCategory2 ()Z 4097 1 1809 0 -1
ciMethod com/android/dx/rop/type/Type isArrayOrKnownNull ()Z 25 1 37 0 -1
ciMethod com/android/dx/rop/type/Type getComponentType ()Lcom/android/dx/rop/type/Type; 17 1 250 0 -1
ciMethod com/android/dx/rop/type/Prototype internInts (Lcom/android/dx/rop/type/Type;I)Lcom/android/dx/rop/type/Prototype; 0 0 1 0 -1
ciMethod com/android/dx/util/FixedSizeList <init> (I)V 4097 1 5736 0 256
ciMethod com/android/dx/util/FixedSizeList size ()I 3105 1 401695 0 0
ciMethod com/android/dx/util/FixedSizeList get0 (I)Ljava/lang/Object; 2057 1 8720 0 128
ciMethod com/android/dx/util/FixedSizeList set0 (ILjava/lang/Object;)V 4097 1 153599 0 192
ciMethod com/android/dx/util/FixedSizeList throwIndex (I)Ljava/lang/Object; 0 0 1 0 -1
ciMethodData com/android/dx/util/ByteArray getUnsignedByte0 (I)I 2 209253 orig 144 152 11 7 108 0 0 0 0 88 137 233 20 0 0 0 0 176 0 0 0 0 0 0 0 0 0 0 0 0 0 0 0 0 0 0 0 0 0 0 0 0 0 0 0 0 0 0 0 0 0 0 0 0 0 0 0 0 0 0 0 0 0 0 0 1 0 0 0 0 0 0 0 0 0 0 0 0 0 0 0 1 0 0 0 0 0 0 0 0 0 0 0 0 0 0 0 218 1 0 0 89 124 25 0 1 0 0 0 0 0 0 0 0 0 0 0 0 0 3 0 4 0 0 0 0 0 0 0 255 255 255 255 0 0 0 0 0 0 0 0 0 0 0 0 data 0 oops 0
ciMethodData com/android/dx/util/ByteArray checkOffsets (II)V 2 5929 orig 144 152 11 7 108 0 0 0 0 208 135 233 20 0 0 0 0 136 2 0 0 64 0 0 0 0 0 0 0 0 0 0 0 0 0 0 0 0 0 0 0 0 0 0 0 0 0 0 0 0 0 0 0 0 0 0 0 0 0 0 0 0 0 0 0 25 0 0 0 0 0 0 0 0 0 0 0 0 0 0 0 1 0 0 0 0 0 0 0 0 0 0 0 0 0 0 0 172 1 0 0 233 171 0 0 1 0 0 0 0 0 0 0 0 0 0 0 0 0 10 0 4 0 1 0 208 1 0 0 255 255 255 255 0 0 0 0 7 0 1 0 0 0 0 0 data 58 0x10007 0x0 0x60 0x157d 0x60007 0x0 0x40 0x157d 0xe0007 0x157d 0x190 0x0 0x190002 0x0 0x1e0005 0x0 0x0 0x0 0x0 0x0 0x220005 0x0 0x0 0x0 0x0 0x0 0x270005 0x0 0x0 0x0 0x0 0x0 0x2b0005 0x0 0x0 0x0 0x0 0x0 0x300005 0x0 0x0 0x0 0x0 0x0 0x370005 0x0 0x0 0x0 0x0 0x0 0x3a0005 0x0 0x0 0x0 0x0 0x0 0x3d0002 0x0 oops 0
ciMethod com/android/dx/cf/code/BytecodeArray parseInstruction (ILcom/android/dx/cf/code/BytecodeArray$Visitor;)I 129649 1 33533 0 -1
ciMethod com/android/dx/cf/code/BytecodeArray parseTableswitch (ILcom/android/dx/cf/code/BytecodeArray$Visitor;)I 1 1 34 0 -1
ciMethod com/android/dx/cf/code/BytecodeArray parseLookupswitch (ILcom/android/dx/cf/code/BytecodeArray$Visitor;)I 1 1 28 0 -1
ciMethod com/android/dx/cf/code/BytecodeArray parseNewarray (ILcom/android/dx/cf/code/BytecodeArray$Visitor;)I 1 1 14 0 0
ciMethod com/android/dx/cf/code/BytecodeArray parseWide (ILcom/android/dx/cf/code/BytecodeArray$Visitor;)I 0 0 1 0 0
ciMethod com/android/dx/cf/code/ByteCatchList <init> (I)V 217 1 253 0 0
ciMethod com/android/dx/cf/code/ByteCatchList get (I)Lcom/android/dx/cf/code/ByteCatchList$Item; 1041 1 2587 0 0
ciMethod com/android/dx/cf/code/ByteCatchList set (ILcom/android/dx/cf/code/ByteCatchList$Item;)V 233 1 420 0 0
ciMethod com/android/dx/cf/code/ByteCatchList listFor (I)Lcom/android/dx/cf/code/ByteCatchList; 4097 553 6939 0 0
ciMethod com/android/dx/cf/code/ByteCatchList typeNotFound (Lcom/android/dx/cf/code/ByteCatchList$Item;[Lcom/android/dx/cf/code/ByteCatchList$Item;I)Z 1137 313 420 0 0
ciMethod com/android/dx/cf/code/ByteCatchList toTargetList (I)Lcom/android/dx/util/IntList; 4097 137 6938 0 0
ciMethod com/android/dx/cf/code/LocalVariableList pcAndIndexToLocal (II)Lcom/android/dx/cf/code/LocalVariableList$Item; 4097 5601 12452 0 -1
ciMethod com/android/dx/cf/code/LocalVariableList$Item getLocalItem ()Lcom/android/dx/rop/code/LocalItem; 2929 1 3723 0 -1
ciMethod com/android/dx/cf/code/LocalVariableList$Item getType ()Lcom/android/dx/rop/type/Type; 4097 1 9557 0 -1
ciMethod com/android/dx/cf/attrib/AttCode getCatches ()Lcom/android/dx/cf/code/ByteCatchList; 1337 1 167 0 0
ciMethodData com/android/dx/util/ByteArray getUnsignedByte (I)I 2 64159 orig 144 152 11 7 108 0 0 0 0 16 133 233 20 0 0 0 0 208 0 0 0 0 0 0 0 0 0 0 0 0 0 0 0 0 0 0 0 0 0 0 0 0 0 0 0 0 0 0 0 0 0 0 0 0 0 0 0 0 0 0 0 0 0 0 0 17 0 0 0 0 0 0 0 0 0 0 0 0 0 0 0 1 0 0 0 0 0 0 0 0 0 0 0 0 0 0 0 182 1 0 0 73 199 7 0 1 0 0 0 0 0 0 0 0 0 0 0 0 0 3 0 4 0 1 0 32 0 0 0 255 255 255 255 0 0 0 0 2 0 5 0 0 0 0 0 data 4 0x50002 0xf8e8 0xa0002 0xf8ea oops 0
ciMethodData com/android/dx/util/ByteArray getUnsignedShort (I)I 2 56151 orig 144 152 11 7 108 0 0 0 0 216 133 233 20 0 0 0 0 224 0 0 0 0 0 0 0 0 0 0 0 0 0 0 0 0 0 0 0 0 0 0 0 0 0 0 0 0 0 0 0 0 0 0 0 0 0 0 0 0 0 0 0 0 0 0 0 17 0 0 0 0 0 0 0 0 0 0 0 0 0 0 0 1 0 0 0 0 0 0 0 0 0 0 0 0 0 0 0 2 1 0 0 169 210 6 0 1 0 0 0 0 0 0 0 0 0 0 0 0 0 3 0 4 0 1 0 48 0 0 0 255 255 255 255 0 0 0 0 2 0 5 0 0 0 0 0 data 6 0x50002 0xda55 0xa0002 0xda57 0x140002 0xda58 oops 0
ciMethodData com/android/dx/util/MutabilityControl throwIfImmutable ()V 2 267840 orig 144 152 11 7 108 0 0 0 0 96 107 234 20 0 0 0 0 216 0 0 0 0 0 0 0 0 0 0 0 0 0 0 0 0 0 0 0 0 0 0 0 0 0 0 0 0 0 0 0 0 0 0 0 0 0 0 0 0 0 0 0 0 0 0 0 25 0 0 0 0 0 0 0 0 0 0 0 0 0 0 0 1 0 0 0 0 0 0 0 0 0 0 0 0 0 0 0 6 1 0 0 209 169 32 0 1 0 0 0 0 0 0 0 0 0 0 0 0 0 5 0 4 0 1 0 48 0 0 0 255 255 255 255 0 0 0 0 7 0 4 0 0 0 0 0 data 6 0x40007 0x41536 0x30 0x0 0xd0002 0x0 oops 0
ciMethodData com/android/dx/util/ByteArray getInt (I)I 2 8878 orig 144 152 11 7 108 0 0 0 0 40 131 233 20 0 0 0 0 0 1 0 0 0 0 0 0 0 0 0 0 0 0 0 0 0 0 0 0 0 0 0 0 0 0 0 0 0 0 0 0 0 0 0 0 0 0 0 0 0 0 0 0 0 0 0 0 17 0 0 0 0 0 0 0 0 0 0 0 0 0 0 0 1 0 0 0 0 0 0 0 0 0 0 0 0 0 0 0 70 0 0 0 65 19 1 0 1 0 0 0 0 0 0 0 0 0 0 0 0 0 3 0 3 0 1 0 80 0 0 0 255 255 255 255 0 0 0 0 2 0 5 0 0 0 0 0 data 10 0x50002 0x2268 0xa0002 0x2268 0x140002 0x2268 0x1f0002 0x2268 0x2a0002 0x2268 oops 0
ciMethodData com/android/dx/rop/cst/CstInteger make (I)Lcom/android/dx/rop/cst/CstInteger; 2 3743 orig 144 152 11 7 108 0 0 0 0 184 231 233 20 0 0 0 0 88 1 0 0 80 0 0 0 0 0 0 0 0 0 0 0 0 0 0 0 0 0 0 0 0 0 0 0 0 0 0 0 0 0 0 0 0 0 0 0 0 0 0 0 0 0 0 0 25 0 0 0 0 0 0 0 0 0 0 0 0 0 0 0 0 0 0 0 0 0 0 0 0 0 0 0 0 0 0 0 9 0 0 0 177 116 0 0 1 0 0 0 0 0 0 0 0 0 0 0 0 0 8 0 3 0 1 0 176 0 0 0 255 255 255 255 0 0 0 0 7 0 17 0 0 0 0 0 data 22 0x110007 0x56 0x70 0xe40 0x150005 0x19c 0x186cb770 0xca4 0x0 0x0 0x190007 0x49 0x20 0xdf6 0x230002 0x9f 0x2c0004 0x0 0x186cb770 0x9f 0x0 0x0 oops 2 6 com/android/dx/rop/cst/CstInteger 18 com/android/dx/rop/cst/CstInteger
ciMethodData com/android/dx/util/FixedSizeList set0 (ILjava/lang/Object;)V 2 153599 orig 144 152 11 7 108 0 0 0 0 16 33 235 20 0 0 0 0 64 1 0 0 0 0 0 0 0 0 0 0 0 0 0 0 0 0 0 0 0 0 0 0 0 0 0 0 0 0 0 0 0 0 0 0 0 0 0 0 0 0 0 0 0 0 0 0 17 0 0 0 0 0 0 0 0 0 0 0 0 0 0 0 0 0 0 0 0 0 0 0 0 0 0 0 0 0 0 0 0 2 0 0 249 175 18 0 1 0 0 0 0 0 0 0 0 0 0 0 0 0 11 0 4 0 1 0 136 0 0 0 255 255 255 255 0 0 0 0 5 0 1 0 0 0 0 0 data 17 0x10005 0x23b08 0x188bd440 0x35 0x188bd4f0 0x1adb 0xa0104 0x0 0x188bd5a0 0x39 0x188bd650 0xff 0xb0003 0x2560f 0x28 0x110002 0x0 oops 4 2 com/android/dx/cf/iface/StdFieldList 4 com/android/dx/cf/code/LineNumberList 8 com/android/dx/cf/iface/StdField 10 com/android/dx/cf/attrib/AttConstantValue
ciMethodData com/android/dx/util/MutabilityControl setImmutable ()V 2 158539 orig 144 152 11 7 108 0 0 0 0 80 105 234 20 0 0 0 0 168 0 0 0 0 0 0 0 0 0 0 0 0 0 0 0 0 0 0 0 0 0 0 0 0 0 0 0 0 0 0 0 0 0 0 0 0 0 0 0 0 0 0 0 0 0 0 0 0 0 0 0 0 0 0 0 0 0 0 0 0 0 0 0 0 0 0 0 0 0 0 0 0 0 0 0 0 0 0 0 0 1 0 0 89 82 19 0 1 0 0 0 0 0 0 0 0 0 0 0 0 0 3 0 3 0 0 0 0 0 0 0 255 255 255 255 0 0 0 0 0 0 0 0 0 0 0 0 data 0 oops 0
ciMethodData com/android/dx/rop/cst/StdConstantPool get (I)Lcom/android/dx/rop/cst/Constant; 2 22013 orig 144 152 11 7 108 0 0 0 0 88 98 234 20 0 0 0 0 240 0 0 0 32 0 0 0 0 0 0 0 0 0 0 0 0 0 0 0 0 0 0 0 0 0 0 0 0 0 0 0 0 0 0 0 0 0 0 0 0 0 0 0 0 0 0 0 17 0 0 0 0 0 0 0 0 0 0 0 0 0 0 0 1 0 0 0 0 0 0 0 0 0 0 0 0 0 0 0 0 2 0 0 233 159 2 0 1 0 0 0 0 0 0 0 0 0 0 0 0 0 7 0 4 0 1 0 64 0 0 0 255 255 255 255 0 0 0 0 7 0 8 0 0 0 0 0 data 8 0x80007 0x53fc 0x30 0x0 0xc0002 0x0 0x140002 0x0 oops 0
ciMethodData com/android/dx/util/FixedSizeList size ()I 2 401695 orig 144 152 11 7 108 0 0 0 0 144 28 235 20 0 0 0 0 168 0 0 0 0 0 0 0 0 0 0 0 0 0 0 0 0 0 0 0 0 0 0 0 0 0 0 0 0 0 0 0 0 0 0 0 0 0 0 0 0 0 0 0 0 0 0 0 1 0 0 0 0 0 0 0 0 0 0 0 0 0 0 0 1 0 0 0 0 0 0 0 0 0 0 0 0 0 0 0 131 1 0 0 217 252 48 0 1 0 0 0 0 0 0 0 0 0 0 0 0 0 3 0 3 0 0 0 0 0 0 0 255 255 255 255 0 0 0 0 0 0 0 0 0 0 0 0 data 0 oops 0
ciMethodData com/android/dx/util/MutabilityControl <init> (Z)V 2 44207 orig 144 152 11 7 108 0 0 0 0 168 104 234 20 0 0 0 0 192 0 0 0 0 0 0 0 0 0 0 0 0 0 0 0 0 0 0 0 0 0 0 0 0 0 0 0 0 0 0 0 0 0 0 0 0 0 0 0 0 0 0 0 0 0 0 0 0 0 0 0 0 0 0 0 0 0 0 0 0 0 0 0 0 0 0 0 0 0 0 0 0 0 0 0 0 0 0 0 178 1 0 0 233 87 5 0 1 0 0 0 0 0 0 0 0 0 0 0 0 0 3 0 4 0 1 0 16 0 0 0 255 255 255 255 0 0 0 0 2 0 1 0 0 0 0 0 data 2 0x10002 0xab01 oops 0
ciMethod com/android/dx/cf/code/ConcreteMethod getCatches ()Lcom/android/dx/cf/code/ByteCatchList; 4097 1 16911 0 0
ciMethod com/android/dx/cf/code/Machine clearArgs ()V 0 0 1 0 -1
ciMethod com/android/dx/cf/code/Machine popArgs (Lcom/android/dx/cf/code/Frame;I)V 0 0 1 0 -1
ciMethod com/android/dx/cf/code/Machine popArgs (Lcom/android/dx/cf/code/Frame;Lcom/android/dx/rop/type/Prototype;)V 0 0 1 0 -1
ciMethod com/android/dx/cf/code/Machine popArgs (Lcom/android/dx/cf/code/Frame;Lcom/android/dx/rop/type/Type;)V 0 0 1 0 -1
ciMethod com/android/dx/cf/code/Machine popArgs (Lcom/android/dx/cf/code/Frame;Lcom/android/dx/rop/type/Type;Lcom/android/dx/rop/type/Type;)V 0 0 1 0 -1
ciMethod com/android/dx/cf/code/Machine popArgs (Lcom/android/dx/cf/code/Frame;Lcom/android/dx/rop/type/Type;Lcom/android/dx/rop/type/Type;Lcom/android/dx/rop/type/Type;)V 0 0 1 0 -1
ciMethod com/android/dx/cf/code/Machine localArg (Lcom/android/dx/cf/code/Frame;I)V 0 0 1 0 -1
ciMethod com/android/dx/cf/code/Machine localInfo (Z)V 0 0 1 0 -1
ciMethod com/android/dx/cf/code/Machine auxType (Lcom/android/dx/rop/type/Type;)V 0 0 1 0 -1
ciMethod com/android/dx/cf/code/Machine auxIntArg (I)V 0 0 1 0 -1
ciMethod com/android/dx/cf/code/Machine auxCstArg (Lcom/android/dx/rop/cst/Constant;)V 0 0 1 0 -1
ciMethod com/android/dx/cf/code/Machine auxTargetArg (I)V 0 0 1 0 -1
ciMethod com/android/dx/cf/code/Machine localTarget (ILcom/android/dx/rop/type/Type;Lcom/android/dx/rop/code/LocalItem;)V 0 0 1 0 -1
ciMethod com/android/dx/cf/code/Machine run (Lcom/android/dx/cf/code/Frame;II)V 0 0 1 0 -1
ciMethod com/android/dx/cf/code/BasicBlocker visitNoArgs (IIILcom/android/dx/rop/type/Type;)V 2057 1 2226 0 0
ciMethod com/android/dx/cf/code/BasicBlocker visitLocal (IIIILcom/android/dx/rop/type/Type;I)V 4097 1 9627 0 -1
ciMethod com/android/dx/cf/code/BasicBlocker visitConstant (IIILcom/android/dx/rop/cst/Constant;I)V 4097 1 8260 0 0
ciMethod com/android/dx/cf/code/BasicBlocker visitBranch (IIII)V 3265 1 1249 0 0
ciMethod com/android/dx/cf/code/BasicBlocker addWorkIfNecessary (IZ)V 4097 1 15218 0 256
ciMethod com/android/dx/cf/code/BasicBlocker visitCommon (IIZ)V 4097 1 21397 0 0
ciMethod com/android/dx/cf/code/BasicBlocker visitThrowing (IIZ)V 4097 1 6939 0 0
ciMethod com/android/dx/util/Bits get ([II)Z 4097 1 83651 0 128
ciMethod com/android/dx/util/Bits set ([II)V 4097 1 90182 0 128
ciMethod com/android/dx/util/IntList makeImmutable (I)Lcom/android/dx/util/IntList; 4097 1 15823 0 0
ciMethod com/android/dx/util/IntList makeImmutable (II)Lcom/android/dx/util/IntList; 2049 1 947 0 0
ciMethod com/android/dx/util/IntList <init> (I)V 2073 1 6403 0 256
ciMethod com/android/dx/util/IntList add (I)V 2817 1 5525 0 800
ciMethod com/android/dx/util/IntList growIfNeeded ()V 2817 1 5482 0 576
ciMethod com/android/dx/cf/code/ByteOps opInfo (I)I 4097 1 17843 0 0
ciMethod com/android/dx/cf/code/ByteCatchList$Item getHandlerPc ()I 649 1 81 0 0
ciMethod com/android/dx/cf/code/ByteCatchList$Item getExceptionClass ()Lcom/android/dx/rop/cst/CstType; 649 1 1046 0 0
ciMethod com/android/dx/cf/code/ByteCatchList$Item covers (I)Z 545 1 1447 0 0
ciMethod com/android/dx/cf/code/BaseMachine throwLocalMismatch (Lcom/android/dx/rop/type/TypeBearer;Lcom/android/dx/rop/type/TypeBearer;)V 0 0 1 0 -1
ciMethod com/android/dx/cf/code/Simulator access$100 ()Lcom/android/dx/cf/code/SimException; 0 0 1 0 -1
ciMethod com/android/dx/cf/code/Simulator access$200 (Lcom/android/dx/rop/type/Type;Lcom/android/dx/rop/type/Type;)Lcom/android/dx/rop/type/Type; 25 1 66 0 -1
ciMethod com/android/dx/cf/code/Simulator access$300 (Lcom/android/dx/cf/code/Simulator;)Lcom/android/dx/cf/code/LocalVariableList; 1033 1 129 0 -1
ciMethod com/android/dx/cf/code/Simulator$SimVisitor visitInvalid (III)V 0 0 1 0 -1
ciMethod com/android/dx/cf/code/Simulator$SimVisitor visitNoArgs (IIILcom/android/dx/rop/type/Type;)V 2049 1 3163 0 -1
ciMethod com/android/dx/cf/code/Simulator$SimVisitor checkReturnType (Lcom/android/dx/rop/type/Type;)V 1313 1 1620 0 -1
ciMethod com/android/dx/cf/code/Simulator$SimVisitor visitLocal (IIIILcom/android/dx/rop/type/Type;I)V 4097 1 9693 0 -1
ciMethod com/android/dx/cf/code/Simulator$SimVisitor visitConstant (IIILcom/android/dx/rop/cst/Constant;I)V 4097 1 11657 0 -1
ciMethod com/android/dx/cf/code/Simulator$SimVisitor visitBranch (IIII)V 3233 1 2024 0 -1
ciMethod com/android/dx/cf/code/Frame getStack ()Lcom/android/dx/cf/code/ExecutionStack; 2105 1 263 0 -1
ciMethod com/android/dx/cf/code/ExecutionStack peekLocal (I)Z 9 1 28 0 -1
ciMethod com/android/dx/cf/code/ExecutionStack peekType (I)Lcom/android/dx/rop/type/Type; 1129 1 1800 0 -1
ciMethodData com/android/dx/util/FixedSizeList get0 (I)Ljava/lang/Object; 2 8720 orig 144 152 11 7 108 0 0 0 0 40 31 235 20 0 0 0 0 144 1 0 0 192 0 0 0 0 0 0 0 0 0 0 0 0 0 0 0 0 0 0 0 0 0 0 0 0 0 0 0 0 0 0 0 0 0 0 0 0 0 0 0 0 0 0 0 25 0 0 0 0 0 0 0 0 0 0 0 0 0 0 0 1 0 0 0 0 0 0 0 0 0 0 0 0 0 0 0 1 1 0 0 121 8 1 0 1 0 0 0 0 0 0 0 0 0 0 0 0 0 9 0 4 0 1 0 224 0 0 0 255 255 255 255 0 0 0 0 7 0 8 0 0 0 0 0 data 28 0x80007 0x2125 0xd0 0x0 0x130002 0x0 0x180005 0x0 0x0 0x0 0x0 0x0 0x1c0005 0x0 0x0 0x0 0x0 0x0 0x1f0005 0x0 0x0 0x0 0x0 0x0 0x220002 0x0 0x2b0002 0x0 oops 0
ciMethodData com/android/dx/util/FixedSizeList <init> (I)V 2 5736 orig 144 152 11 7 108 0 0 0 0 224 22 235 20 0 0 0 0 32 1 0 0 56 0 0 0 0 0 0 0 0 0 0 0 0 0 0 0 0 0 0 0 0 0 0 0 0 0 0 0 0 0 0 0 0 0 0 0 0 0 0 0 0 0 0 0 0 0 0 0 0 0 0 0 0 0 0 0 0 0 0 0 0 0 0 0 0 0 0 0 0 0 0 0 0 0 0 0 0 2 0 0 65 163 0 0 1 0 0 0 0 0 0 0 0 0 0 0 0 0 10 0 4 0 1 0 112 0 0 0 255 255 255 255 0 0 0 0 7 0 2 0 0 0 0 0 data 14 0x20007 0x7c2 0x38 0xca6 0x60003 0xca6 0x18 0xa0002 0x1468 0x150003 0x1466 0x28 0x1f0002 0x0 oops 0
ciMethodData com/android/dx/util/IntList add (I)V 2 5525 orig 144 152 11 7 108 0 0 0 0 40 118 241 20 0 0 0 0 104 1 0 0 0 0 0 0 0 0 0 0 0 0 0 0 0 0 0 0 0 0 0 0 0 0 0 0 0 0 0 0 0 0 0 0 0 0 0 0 0 0 0 0 0 0 0 0 17 0 0 0 0 0 0 0 0 0 0 0 0 0 0 0 1 0 0 0 0 0 0 0 0 0 0 0 0 0 0 0 95 1 0 0 169 161 0 0 1 0 0 0 0 0 0 0 0 0 0 0 0 0 14 0 4 0 1 0 184 0 0 0 255 255 255 255 0 0 0 0 5 0 1 0 0 0 0 0 data 23 0x10005 0xc 0x195902f0 0x1428 0x0 0x0 0x50002 0x1434 0x1d0007 0x72a 0x78 0xd0c 0x250007 0x7dc 0x58 0x52f 0x350007 0x42 0x38 0x4ed 0x390003 0x4ed 0x18 oops 1 2 com/android/dx/util/IntList
ciMethodData com/android/dx/util/IntList growIfNeeded ()V 2 5482 orig 144 152 11 7 108 0 0 0 0 120 121 241 20 0 0 0 0 216 0 0 0 0 0 0 0 0 0 0 0 0 0 0 0 0 0 0 0 0 0 0 0 0 0 0 0 0 0 0 0 0 0 0 0 0 0 0 0 0 0 0 0 0 0 0 0 25 0 0 0 0 0 0 0 0 0 0 0 0 0 0 0 1 0 0 0 0 0 0 0 0 0 0 0 0 0 0 0 96 1 0 0 81 160 0 0 1 0 0 0 0 0 0 0 0 0 0 0 0 0 6 0 4 0 1 0 48 0 0 0 255 255 255 255 0 0 0 0 7 0 9 0 0 0 0 0 data 6 0x90007 0x1368 0x30 0xa3 0x250002 0xa3 oops 0
ciMethodData com/android/dx/util/IntList <init> (I)V 2 6403 orig 144 152 11 7 108 0 0 0 0 0 111 241 20 0 0 0 0 232 0 0 0 0 0 0 0 0 0 0 0 0 0 0 0 0 0 0 0 0 0 0 0 0 0 0 0 0 0 0 0 0 0 0 0 0 0 0 0 0 0 0 0 0 0 0 0 0 0 0 0 0 0 0 0 0 0 0 0 0 0 0 0 0 0 0 0 0 0 0 0 0 0 0 0 0 0 0 0 3 1 0 0 1 192 0 0 1 0 0 0 0 0 0 0 0 0 0 0 0 0 7 0 4 0 1 0 56 0 0 0 255 255 255 255 0 0 0 0 2 0 2 0 0 0 0 0 data 7 0x20002 0x17ff 0xc0003 0x17fe 0x28 0x160002 0x0 oops 0
ciMethodData com/android/dx/util/Bits set ([II)V 2 90182 orig 144 152 11 7 108 0 0 0 0 88 91 241 20 0 0 0 0 176 0 0 0 0 0 0 0 0 0 0 0 0 0 0 0 0 0 0 0 0 0 0 0 0 0 0 0 0 0 0 0 0 0 0 0 0 0 0 0 0 0 0 0 0 0 0 0 0 0 0 0 0 0 0 0 0 0 0 0 0 0 0 0 0 0 0 0 0 0 0 0 0 0 0 0 0 0 0 0 0 2 0 0 49 242 10 0 1 0 0 0 0 0 0 0 0 0 0 0 0 0 3 0 4 0 0 0 0 0 0 0 255 255 255 255 0 0 0 0 0 0 0 0 0 0 0 0 data 0 oops 0
ciMethodData com/android/dx/util/Bits get ([II)Z 2 83651 orig 144 152 11 7 108 0 0 0 0 88 89 241 20 0 0 0 0 232 0 0 0 0 0 0 0 0 0 0 0 0 0 0 0 0 0 0 0 0 0 0 0 0 0 0 0 0 0 0 0 0 0 0 0 0 0 0 0 0 0 0 0 0 0 0 0 0 0 0 0 0 0 0 0 0 0 0 0 0 0 0 0 0 0 0 0 0 0 0 0 0 0 0 0 0 0 0 0 0 2 0 0 25 38 10 0 1 0 0 0 0 0 0 0 0 0 0 0 0 0 6 0 4 0 1 0 56 0 0 0 255 255 255 255 0 0 0 0 7 0 16 0 0 0 0 0 data 7 0x100007 0xadef 0x38 0x96e3 0x140003 0x96e5 0x18 oops 0
ciMethodData com/android/dx/cf/code/BytecodeArray parseInstruction (ILcom/android/dx/cf/code/BytecodeArray$Visitor;)I 2 33533 orig 144 152 11 7 108 0 0 0 0 168 222 235 20 0 0 0 0 136 39 0 0 208 16 0 0 3 0 0 0 0 0 0 0 0 0 0 0 0 0 0 0 0 0 0 0 0 0 0 8 0 0 0 0 0 0 0 0 0 0 0 0 0 0 0 0 0 0 0 0 0 0 0 0 0 0 0 0 0 0 0 0 0 0 0 0 0 0 0 0 0 0 0 0 0 0 0 0 0 2 0 0 121 29 2 0 1 0 0 0 0 0 0 0 0 0 0 0 0 0 140 0 4 0 1 0 40 38 0 0 255 255 255 255 0 0 0 0 7 0 1 0 0 0 0 0 data 1221 0x10007 0x43ad 0x20 0x0 0xd0005 0x1359 0x186cb400 0x305a 0x0 0x0 0x120002 0x43b3 0x1f0008 0x196 0x0 0x23c8 0x0 0xcc0 0x3d 0xcf0 0x13 0xd20 0x4e 0xd50 0x43 0xd80 0x6 0xdb0 0xc 0xde0 0x6 0xe10 0x4 0xe40 0x0 0xe70 0x0 0xea0 0x10 0xed0 0x16 0xf00 0x0 0xf30 0x0 0xf60 0x0 0xf90 0x19 0xfc0 0x1 0x1030 0xc9 0x10a0 0x0 0x11f8 0x6 0x1350 0x23 0x13e0 0x4 0x1440 0x2 0x14a0 0x0 0x1500 0x7b 0x1560 0xb 0x15c0 0x24 0x15c0 0x36 0x15c0 0x15 0x15c0 0x0 0x15f0 0x0 0x15f0 0x0 0x15f0 0x0 0x15f0 0x0 0x1620 0x6 0x1620 0x6 0x1620 0x2 0x1620 0x0 0x1650 0x0 0x1650 0x0 0x1650 0x0 0x1650 0x201 0x1680 0x1b3 0x1680 0x84 0x1680 0x75 0x1680 0x0 0x16b0 0x0 0x16e0 0x0 0x1710 0x0 0x1740 0x0 0x1770 0x0 0x17a0 0x0 0x17d0 0x0 0x1800 0xb 0x1830 0x0 0x1890 0x0 0x18f0 0x0 0x1950 0x2e 0x19b0 0x1 0x1a10 0xa 0x1a10 0xf 0x1a10 0x4 0x1a10 0x0 0x1a40 0x0 0x1a40 0x0 0x1a40 0x0 0x1a40 0x0 0x1a70 0x0 0x1a70 0x0 0x1a70 0x0 0x1a70 0x0 0x1aa0 0x0 0x1aa0 0x0 0x1aa0 0x0 0x1aa0 0x0 0x1ad0 0x14 0x1ad0 0x19 0x1ad0 0x1a 0x1ad0 0xa 0x1b00 0x0 0x1b30 0x0 0x1b60 0x0 0x1b90 0x0 0x1bc0 0x1 0x1bf0 0x0 0x1c20 0x0 0x1c50 0x48 0x1c80 0x0 0x1c80 0x99 0x1c80 0x0 0x1c80 0x0 0x1c80 0x0 0x1c80 0x0 0x1c80 0x0 0x1c80 0x0 0x1c80 0x0 0x1cb0 0x0 0x1ce0 0x0 0x1d10 0x0 0x1d40 0xa 0x1cb0 0x0 0x1ce0 0x0 0x1d10 0x0 0x1d40 0x0 0x1cb0 0x0 0x1ce0 0x0 0x1d10 0x0 0x1d40 0x0 0x1cb0 0x0 0x1ce0 0x0 0x1d10 0x0 0x1d40 0x0 0x1cb0 0x0 0x1ce0 0x0 0x1d10 0x0 0x1d40 0x0 0x1cb0 0x0 0x1ce0 0x0 0x1d10 0x0 0x1d40 0x0 0x1cb0 0x0 0x1ce0 0x0 0x1cb0 0x0 0x1ce0 0x0 0x1cb0 0x0 0x1ce0 0x0 0x1cb0 0x0 0x1ce0 0x0 0x1cb0 0x0 0x1ce0 0x0 0x1cb0 0x0 0x1ce0 0x1b 0x1d70 0x0 0x1e00 0x0 0x1e30 0x0 0x1e60 0x0 0x1e90 0x0 0x1e30 0x0 0x1e60 0x0 0x1e90 0x0 0x1e00 0x0 0x1e60 0x0 0x1e90 0x0 0x1e00 0x0 0x1e30 0x0 0x1e90 0x0 0x1e90 0x0 0x1e90 0x0 0x1e90 0x0 0x1e90 0x0 0x1e90 0x0 0x1e90 0x0 0x1e90 0x5b 0x1ec0 0x2b 0x1ec0 0xe 0x1ec0 0x2 0x1ec0 0x0 0x1ec0 0x2 0x1ec0 0x8 0x1ec0 0x4 0x1ec0 0xc 0x1ec0 0x16 0x1ec0 0x0 0x1ec0 0x10 0x1ec0 0x2 0x1ec0 0x2 0x1ec0 0x46 0x1ec0 0x0 0x1ec0 0x0 0x1f20 0xc 0x1f80 0x0 0x1f90 0x18 0x1fa0 0x0 0x1fd0 0x0 0x2000 0x0 0x2030 0x43 0x2060 0x6b 0x2090 0x44 0x20c0 0x1e 0x20c0 0x1d1 0x20c0 0xbc 0x20c0 0x216 0x20c0 0xdb 0x20c0 0x92 0x20c0 0xe 0x2150 0x0 0x2240 0x94 0x20c0 0x0 0x2250 0x4 0x20c0 0x0 0x1e90 0x12 0x2090 0x2c 0x20c0 0x0 0x20c0 0x2 0x2090 0x4 0x2090 0x0 0x2260 0x0 0x2270 0x57 0x1ec0 0x21 0x1ec0 0x0 0x2330 0x0 0x2330 0x35b0005 0x0 0x0 0x0 0x0 0x0 0x36b0005 0x0 0x186cb4b0 0x4a 0x186cb560 0x55 0x37b0005 0x0 0x186cb560 0x18 0x186cb4b0 0x19 0x38b7005 0x2 0x186cb4b0 0x7f 0x186cb560 0x78 0x39bf005 0x2 0x186cb560 0x67 0x186cb4b0 0x63 0x3ab0005 0x0 0x186cb560 0xc 0x186cb4b0 0xc 0x3bb0005 0x0 0x186cb560 0x13 0x186cb4b0 0x13 0x3cb0005 0x0 0x186cb560 0x6 0x186cb4b0 0x6 0x3db0005 0x0 0x186cb560 0x4 0x186cb4b0 0x4 0x3eb0005 0x0 0x0 0x0 0x0 0x0 0x3fb0005 0x0 0x0 0x0 0x0 0x0 0x40b0005 0x0 0x186cb560 0x8 0x186cb4b0 0x8 0x41b0005 0x0 0x186cb560 0xb 0x186cb4b0 0xb 0x42b0005 0x0 0x0 0x0 0x0 0x0 0x43b0005 0x0 0x0 0x0 0x0 0x0 0x44b0005 0x0 0x0 0x0 0x0 0x0 0x4590005 0x19 0x186cb400 0x7e 0x0 0x0 0x4650002 0x97 0x46a0005 0x0 0x186cb4b0 0x4c 0x186cb560 0x4b 0x4780005 0x1 0x186cb400 0x10 0x0 0x0 0x4840002 0x11 0x489f005 0x2 0x186cb560 0x8 0x186cb4b0 0x9 0x4970005 0xc9 0x186cb400 0x222 0x0 0x0 0x4a20005 0x0 0x186cb610 0x2eb 0x0 0x0 0x4ab0004 0xfffffffffffffd33 0x186cb6c0 0xab 0x186cb770 0x1e 0x4ae0007 0x2cd 0x98 0x1e 0x4b30004 0x0 0x186cb770 0x1e 0x0 0x0 0x4b60005 0x12 0x186cb770 0xc 0x0 0x0 0x4b90003 0x1e 0x18 0x4c87005 0x2 0x186cb4b0 0x176 0x186cb560 0x174 0x4d60005 0x0 0x0 0x0 0x0 0x0 0x4e10005 0x0 0x0 0x0 0x0 0x0 0x4ea0004 0x0 0x0 0x0 0x0 0x0 0x4ed0007 0x0 0x98 0x0 0x4f20004 0x0 0x0 0x0 0x0 0x0 0x4f50005 0x0 0x0 0x0 0x0 0x0 0x4f80003 0x0 0x18 0x5070005 0x0 0x0 0x0 0x0 0x0 0x5150005 0x6 0x0 0x0 0x0 0x0 0x5200005 0x0 0x186cb610 0x6 0x0 0x0 0x52f0005 0x0 0x186cb560 0x3 0x186cb4b0 0x3 0x53d0005 0x23 0x186cb400 0xce 0x0 0x0 0x54d0005 0x0 0x186cb560 0x73 0x186cb4b0 0x7e 0x55b0005 0x4 0x0 0x0 0x0 0x0 0x56b0005 0x0 0x186cb560 0x2 0x186cb4b0 0x2 0x5790005 0x2 0x0 0x0 0x0 0x0 0x5890005 0x0 0x186cb560 0x1 0x186cb4b0 0x1 0x5970005 0x0 0x0 0x0 0x0 0x0 0x5a70005 0x0 0x0 0x0 0x0 0x0 0x5b50005 0x7b 0x186cb400 0x1ac 0x0 0x0 0x5c50005 0x0 0x186cb560 0x117 0x186cb4b0 0x110 0x5dd0005 0x0 0x186cb560 0xc9 0x186cb4b0 0xc7 0x5f50005 0x0 0x186cb560 0x3 0x186cb4b0 0x3 0x60d0005 0x0 0x186cb560 0x7 0x186cb4b0 0x7 0x6250005 0x0 0x0 0x0 0x0 0x0 0x63d0005 0x0 0x186cb4b0 0x8a4 0x186cb560 0x88b 0x64c0005 0x0 0x0 0x0 0x0 0x0 0x65b0005 0x0 0x0 0x0 0x0 0x0 0x66a0005 0x0 0x0 0x0 0x0 0x0 0x6790005 0x0 0x0 0x0 0x0 0x0 0x6880005 0x0 0x186cb560 0x3 0x186cb4b0 0x3 0x6970005 0x0 0x0 0x0 0x0 0x0 0x6a60005 0x0 0x0 0x0 0x0 0x0 0x6b50005 0x0 0x0 0x0 0x0 0x0 0x6c30005 0xb 0x186cb400 0x44 0x0 0x0 0x6d30005 0x0 0x186cb560 0x26 0x186cb4b0 0x29 0x6e10005 0x0 0x0 0x0 0x0 0x0 0x6f10005 0x0 0x0 0x0 0x0 0x0 0x6ff0005 0x0 0x0 0x0 0x0 0x0 0x70f0005 0x0 0x0 0x0 0x0 0x0 0x71d0005 0x0 0x0 0x0 0x0 0x0 0x72d0005 0x0 0x0 0x0 0x0 0x0 0x73b0005 0x2e 0x186cb400 0x9c 0x0 0x0 0x74b0005 0x0 0x186cb560 0x67 0x186cb4b0 0x63 0x7630005 0x0 0x186cb560 0x16 0x186cb4b0 0x16 0x77b0005 0x0 0x186cb560 0x1 0x186cb4b0 0x1 0x7930005 0x0 0x0 0x0 0x0 0x0 0x7ab0005 0x0 0x0 0x0 0x0 0x0 0x7c30005 0x0 0x186cb4b0 0x76 0x186cb560 0x71 0x7d20005 0x0 0x186cb560 0x1 0x186cb4b0 0xb 0x7e10005 0x0 0x0 0x0 0x0 0x0 0x7f00005 0x0 0x0 0x0 0x0 0x0 0x7ff0005 0x0 0x0 0x0 0x0 0x0 0x80e0005 0x0 0x0 0x0 0x0 0x0 0x81d0005 0x0 0x186cb4b0 0x1 0x0 0x0 0x82c0005 0x0 0x0 0x0 0x0 0x0 0x83b0005 0x0 0x0 0x0 0x0 0x0 0x8490005 0x0 0x186cb560 0x18d 0x186cb4b0 0x187 0x857f005 0x2 0x186cb560 0x1c 0x186cb4b0 0x1c 0x8670005 0x0 0x0 0x0 0x0 0x0 0x8770005 0x0 0x0 0x0 0x0 0x0 0x8870005 0x0 0x0 0x0 0x0 0x0 0x8950005 0x1b 0x186cb400 0x24 0x0 0x0 0x8a10005 0x1b 0x186cb400 0x24 0x0 0x0 0x8b10005 0x0 0x186cb560 0x1a 0x186cb4b0 0x25 0x8bf0005 0x0 0x186cb560 0x2 0x186cb4b0 0x2 0x8cd0005 0x0 0x0 0x0 0x0 0x0 0x8db0005 0x0 0x0 0x0 0x0 0x0 0x8e90005 0x4 0x186cb560 0x4 0x186cb820 0x2 0x8f80005 0x198 0x186cb400 0x34b 0x0 0x0 0x9040005 0x0 0x186cb4b0 0x273 0x186cb560 0x270 0x9120005 0x0 0x0 0x0 0x0 0x0 0x9210005 0x0 0x0 0x0 0x0 0x0 0x92b0002 0x14 0x9320002 0xa 0x93f0005 0x0 0x186cb560 0x43 0x186cb4b0 0x43 0x94f0005 0x0 0x186cb560 0x1 0x186cb4b0 0x1 0x95f0005 0x0 0x0 0x0 0x0 0x0 0x96f0005 0x0 0x0 0x0 0x0 0x0 0x97f0005 0x0 0x186cb560 0x97 0x186cb4b0 0x97 0x98d0005 0x0 0x186cb560 0x106 0x186cb4b0 0x108 0x99b0005 0x737 0x186cb400 0x10e1 0x0 0x0 0x9a60005 0x0 0x186cb610 0x181c 0x0 0x0 0x9b40005 0x0 0x186cb560 0xc0b 0x186cb4b0 0xc10 0x9c20005 0xe 0x186cb400 0x5a 0x0 0x0 0x9ce0005 0xe 0x186cb400 0x5a 0x0 0x0 0x9da0005 0xe 0x186cb400 0x5a 0x0 0x0 0x9e50005 0x0 0x186cb610 0x68 0x0 0x0 0x9fa0005 0x0 0x186cb560 0x34 0x186cb4b0 0x34 0xa070002 0x0 0xa0e0002 0x2 0xa150002 0x0 0xa200005 0x0 0x0 0x0 0x0 0x0 0xa2c0005 0x0 0x0 0x0 0x0 0x0 0xa370005 0x0 0x0 0x0 0x0 0x0 0xa460005 0x0 0x0 0x0 0x0 0x0 0xa550005 0x0 0x0 0x0 0x0 0x0 0xa5f0007 0x0 0x38 0x0 0xa650003 0x0 0x18 0xa740005 0x0 0x0 0x0 0x0 0x0 0xa7f0005 0x0 0x0 0x0 0x0 0x0 0xa8c0002 0x0 0xa910005 0x0 0x0 0x0 0x0 0x0 0xa950002 0x0 0xa980005 0x0 0x0 0x0 0x0 0x0 0xa9b0005 0x0 0x0 0x0 0x0 0x0 0xa9e0005 0x0 0x0 0x0 0x0 0x0 0xaa90002 0x0 0xab40002 0x0 0xab90005 0x0 0x0 0x0 0x0 0x0 0xabd0002 0x0 0xac00005 0x0 0x0 0x0 0x0 0x0 0xac30005 0x0 0x0 0x0 0x0 0x0 0xac60005 0x0 0x0 0x0 0x0 0x0 oops 106 6 com/android/dx/util/ByteArray 428 com/android/dx/cf/code/Simulator$SimVisitor 430 com/android/dx/cf/code/BasicBlocker 434 com/android/dx/cf/code/BasicBlocker 436 com/android/dx/cf/code/Simulator$SimVisitor 440 com/android/dx/cf/code/Simulator$SimVisitor 442 com/android/dx/cf/code/BasicBlocker 446 com/android/dx/cf/code/BasicBlocker 448 com/android/dx/cf/code/Simulator$SimVisitor 452 com/android/dx/cf/code/BasicBlocker 454 com/android/dx/cf/code/Simulator$SimVisitor 458 com/android/dx/cf/code/BasicBlocker 460 com/android/dx/cf/code/Simulator$SimVisitor 464 com/android/dx/cf/code/BasicBlocker 466 com/android/dx/cf/code/Simulator$SimVisitor 470 com/android/dx/cf/code/BasicBlocker 472 com/android/dx/cf/code/Simulator$SimVisitor 488 com/android/dx/cf/code/BasicBlocker 490 com/android/dx/cf/code/Simulator$SimVisitor 494 com/android/dx/cf/code/BasicBlocker 496 com/android/dx/cf/code/Simulator$SimVisitor 518 com/android/dx/util/ByteArray 526 com/android/dx/cf/code/Simulator$SimVisitor 528 com/android/dx/cf/code/BasicBlocker 532 com/android/dx/util/ByteArray 540 com/android/dx/cf/code/BasicBlocker 542 com/android/dx/cf/code/Simulator$SimVisitor 546 com/android/dx/util/ByteArray 552 com/android/dx/rop/cst/StdConstantPool 558 com/android/dx/rop/cst/CstString 560 com/android/dx/rop/cst/CstInteger 568 com/android/dx/rop/cst/CstInteger 574 com/android/dx/rop/cst/CstInteger 583 com/android/dx/cf/code/Simulator$SimVisitor 585 com/android/dx/cf/code/BasicBlocker 638 com/android/dx/rop/cst/StdConstantPool 644 com/android/dx/cf/code/BasicBlocker 646 com/android/dx/cf/code/Simulator$SimVisitor 650 com/android/dx/util/ByteArray 656 com/android/dx/cf/code/BasicBlocker 658 com/android/dx/cf/code/Simulator$SimVisitor 668 com/android/dx/cf/code/BasicBlocker 670 com/android/dx/cf/code/Simulator$SimVisitor 680 com/android/dx/cf/code/BasicBlocker 682 com/android/dx/cf/code/Simulator$SimVisitor 698 com/android/dx/util/ByteArray 704 com/android/dx/cf/code/BasicBlocker 706 com/android/dx/cf/code/Simulator$SimVisitor 710 com/android/dx/cf/code/BasicBlocker 712 com/android/dx/cf/code/Simulator$SimVisitor 716 com/android/dx/cf/code/BasicBlocker 718 com/android/dx/cf/code/Simulator$SimVisitor 722 com/android/dx/cf/code/BasicBlocker 724 com/android/dx/cf/code/Simulator$SimVisitor 734 com/android/dx/cf/code/Simulator$SimVisitor 736 com/android/dx/cf/code/BasicBlocker 764 com/android/dx/cf/code/BasicBlocker 766 com/android/dx/cf/code/Simulator$SimVisitor 788 com/android/dx/util/ByteArray 794 com/android/dx/cf/code/BasicBlocker 796 com/android/dx/cf/code/Simulator$SimVisitor 836 com/android/dx/util/ByteArray 842 com/android/dx/cf/code/BasicBlocker 844 com/android/dx/cf/code/Simulator$SimVisitor 848 com/android/dx/cf/code/BasicBlocker 850 com/android/dx/cf/code/Simulator$SimVisitor 854 com/android/dx/cf/code/BasicBlocker 856 com/android/dx/cf/code/Simulator$SimVisitor 872 com/android/dx/cf/code/Simulator$SimVisitor 874 com/android/dx/cf/code/BasicBlocker 878 com/android/dx/cf/code/BasicBlocker 880 com/android/dx/cf/code/Simulator$SimVisitor 908 com/android/dx/cf/code/Simulator$SimVisitor 926 com/android/dx/cf/code/BasicBlocker 928 com/android/dx/cf/code/Simulator$SimVisitor 932 com/android/dx/cf/code/BasicBlocker 934 com/android/dx/cf/code/Simulator$SimVisitor 956 com/android/dx/util/ByteArray 962 com/android/dx/util/ByteArray 968 com/android/dx/cf/code/BasicBlocker 970 com/android/dx/cf/code/Simulator$SimVisitor 974 com/android/dx/cf/code/BasicBlocker 976 com/android/dx/cf/code/Simulator$SimVisitor 992 com/android/dx/cf/code/BasicBlocker 994 com/android/dx/cf/code/BytecodeArray$ConstantParserVisitor 998 com/android/dx/util/ByteArray